<?xml version="1.0" encoding="UTF-8"?>
<testsuites>
  <testsuite name="/Users/jaspzx/Sites/d95site2/web/core" tests="279" assertions="592" errors="27" warnings="0" failures="0" skipped="0" time="0.384425">
    <testsuite name="Drupal\KernelTests\Core\Plugin\Annotation\ContextDefinitionTest" file="/Users/jaspzx/Sites/d95site2/web/core/tests/Drupal/KernelTests/Core/Plugin/Annotation/ContextDefinitionTest.php" tests="1" assertions="0" errors="2" warnings="0" failures="0" skipped="0" time="0.004667">
      <testcase name="testConstraints" class="Drupal\KernelTests\Core\Plugin\Annotation\ContextDefinitionTest" classname="Drupal.KernelTests.Core.Plugin.Annotation.ContextDefinitionTest" file="/Users/jaspzx/Sites/d95site2/web/core/tests/Drupal/KernelTests/Core/Plugin/Annotation/ContextDefinitionTest.php" line="22" assertions="0" time="0.004667">
        <error type="Exception">Drupal\KernelTests\Core\Plugin\Annotation\ContextDefinitionTest::testConstraints
Exception: There is no database connection so no tests can be run. You must provide a SIMPLETEST_DB environment variable to run PHPUnit based functional tests outside of run-tests.sh. See https://www.drupal.org/node/2116263#skipped-tests for more information.

/Users/jaspzx/Sites/d95site2/web/core/tests/Drupal/KernelTests/KernelTestBase.php:454
/Users/jaspzx/Sites/d95site2/web/core/tests/Drupal/KernelTests/KernelTestBase.php:270
/Users/jaspzx/Sites/d95site2/web/core/tests/Drupal/KernelTests/KernelTestBase.php:251
/Users/jaspzx/Sites/d95site2/vendor/phpunit/phpunit/src/Framework/TestResult.php:728</error>
        <error type="PHPUnit\Framework\RiskyTestError">Drupal\KernelTests\Core\Plugin\Annotation\ContextDefinitionTest::testConstraints
This test did not perform any assertions

/Users/jaspzx/Sites/d95site2/web/core/tests/Drupal/Tests/Listeners/DrupalListener.php:127
/Users/jaspzx/Sites/d95site2/vendor/phpunit/phpunit/src/Framework/TestResult.php:452
/Users/jaspzx/Sites/d95site2/vendor/phpunit/phpunit/src/Framework/TestSuite.php:684
/Users/jaspzx/Sites/d95site2/vendor/phpunit/phpunit/src/Framework/TestSuite.php:684
/Users/jaspzx/Sites/d95site2/vendor/phpunit/phpunit/src/TextUI/TestRunner.php:653
/Users/jaspzx/Sites/d95site2/vendor/phpunit/phpunit/src/TextUI/Command.php:144
/Users/jaspzx/Sites/d95site2/vendor/phpunit/phpunit/src/TextUI/Command.php:97
/Users/jaspzx/Sites/d95site2/vendor/bin/phpunit:123</error>
      </testcase>
    </testsuite>
    <testsuite name="Drupal\KernelTests\Core\Plugin\Condition\RequestPathTest" file="/Users/jaspzx/Sites/d95site2/web/core/tests/Drupal/KernelTests/Core/Plugin/Condition/RequestPathTest.php" tests="1" assertions="0" errors="1" warnings="0" failures="0" skipped="0" time="0.003034">
      <testcase name="testConditions" class="Drupal\KernelTests\Core\Plugin\Condition\RequestPathTest" classname="Drupal.KernelTests.Core.Plugin.Condition.RequestPathTest" file="/Users/jaspzx/Sites/d95site2/web/core/tests/Drupal/KernelTests/Core/Plugin/Condition/RequestPathTest.php" line="80" assertions="0" time="0.003034">
        <error type="Exception">Drupal\KernelTests\Core\Plugin\Condition\RequestPathTest::testConditions
Exception: There is no database connection so no tests can be run. You must provide a SIMPLETEST_DB environment variable to run PHPUnit based functional tests outside of run-tests.sh. See https://www.drupal.org/node/2116263#skipped-tests for more information.

/Users/jaspzx/Sites/d95site2/web/core/tests/Drupal/KernelTests/KernelTestBase.php:454
/Users/jaspzx/Sites/d95site2/web/core/tests/Drupal/KernelTests/KernelTestBase.php:270
/Users/jaspzx/Sites/d95site2/web/core/tests/Drupal/KernelTests/KernelTestBase.php:251
/Users/jaspzx/Sites/d95site2/web/core/tests/Drupal/KernelTests/Core/Plugin/Condition/RequestPathTest.php:58
/Users/jaspzx/Sites/d95site2/vendor/phpunit/phpunit/src/Framework/TestResult.php:728</error>
      </testcase>
    </testsuite>
    <testsuite name="Drupal\KernelTests\Core\Plugin\Context\ContextAwarePluginBaseTest" file="/Users/jaspzx/Sites/d95site2/web/core/tests/Drupal/KernelTests/Core/Plugin/Context/ContextAwarePluginBaseTest.php" tests="4" assertions="0" errors="4" warnings="0" failures="0" skipped="0" time="0.016681">
      <testcase name="testGetContextDefinitions" class="Drupal\KernelTests\Core\Plugin\Context\ContextAwarePluginBaseTest" classname="Drupal.KernelTests.Core.Plugin.Context.ContextAwarePluginBaseTest" file="/Users/jaspzx/Sites/d95site2/web/core/tests/Drupal/KernelTests/Core/Plugin/Context/ContextAwarePluginBaseTest.php" line="53" assertions="0" time="0.003604">
        <error type="Exception">Drupal\KernelTests\Core\Plugin\Context\ContextAwarePluginBaseTest::testGetContextDefinitions
Exception: There is no database connection so no tests can be run. You must provide a SIMPLETEST_DB environment variable to run PHPUnit based functional tests outside of run-tests.sh. See https://www.drupal.org/node/2116263#skipped-tests for more information.

/Users/jaspzx/Sites/d95site2/web/core/tests/Drupal/KernelTests/KernelTestBase.php:454
/Users/jaspzx/Sites/d95site2/web/core/tests/Drupal/KernelTests/KernelTestBase.php:270
/Users/jaspzx/Sites/d95site2/web/core/tests/Drupal/KernelTests/KernelTestBase.php:251
/Users/jaspzx/Sites/d95site2/web/core/tests/Drupal/KernelTests/Core/Plugin/Context/ContextAwarePluginBaseTest.php:36
/Users/jaspzx/Sites/d95site2/vendor/phpunit/phpunit/src/Framework/TestResult.php:728</error>
      </testcase>
      <testcase name="testGetContextDefinition" class="Drupal\KernelTests\Core\Plugin\Context\ContextAwarePluginBaseTest" classname="Drupal.KernelTests.Core.Plugin.Context.ContextAwarePluginBaseTest" file="/Users/jaspzx/Sites/d95site2/web/core/tests/Drupal/KernelTests/Core/Plugin/Context/ContextAwarePluginBaseTest.php" line="60" assertions="0" time="0.004321">
        <error type="Exception">Drupal\KernelTests\Core\Plugin\Context\ContextAwarePluginBaseTest::testGetContextDefinition
Exception: There is no database connection so no tests can be run. You must provide a SIMPLETEST_DB environment variable to run PHPUnit based functional tests outside of run-tests.sh. See https://www.drupal.org/node/2116263#skipped-tests for more information.

/Users/jaspzx/Sites/d95site2/web/core/tests/Drupal/KernelTests/KernelTestBase.php:454
/Users/jaspzx/Sites/d95site2/web/core/tests/Drupal/KernelTests/KernelTestBase.php:270
/Users/jaspzx/Sites/d95site2/web/core/tests/Drupal/KernelTests/KernelTestBase.php:251
/Users/jaspzx/Sites/d95site2/web/core/tests/Drupal/KernelTests/Core/Plugin/Context/ContextAwarePluginBaseTest.php:36
/Users/jaspzx/Sites/d95site2/vendor/phpunit/phpunit/src/Framework/TestResult.php:728</error>
      </testcase>
      <testcase name="testGetContextValue" class="Drupal\KernelTests\Core\Plugin\Context\ContextAwarePluginBaseTest" classname="Drupal.KernelTests.Core.Plugin.Context.ContextAwarePluginBaseTest" file="/Users/jaspzx/Sites/d95site2/web/core/tests/Drupal/KernelTests/Core/Plugin/Context/ContextAwarePluginBaseTest.php" line="70" assertions="0" time="0.005407">
        <error type="Exception">Drupal\KernelTests\Core\Plugin\Context\ContextAwarePluginBaseTest::testGetContextValue
Exception: There is no database connection so no tests can be run. You must provide a SIMPLETEST_DB environment variable to run PHPUnit based functional tests outside of run-tests.sh. See https://www.drupal.org/node/2116263#skipped-tests for more information.

/Users/jaspzx/Sites/d95site2/web/core/tests/Drupal/KernelTests/KernelTestBase.php:454
/Users/jaspzx/Sites/d95site2/web/core/tests/Drupal/KernelTests/KernelTestBase.php:270
/Users/jaspzx/Sites/d95site2/web/core/tests/Drupal/KernelTests/KernelTestBase.php:251
/Users/jaspzx/Sites/d95site2/web/core/tests/Drupal/KernelTests/Core/Plugin/Context/ContextAwarePluginBaseTest.php:36
/Users/jaspzx/Sites/d95site2/vendor/phpunit/phpunit/src/Framework/TestResult.php:728</error>
      </testcase>
      <testcase name="testSetContextValue" class="Drupal\KernelTests\Core\Plugin\Context\ContextAwarePluginBaseTest" classname="Drupal.KernelTests.Core.Plugin.Context.ContextAwarePluginBaseTest" file="/Users/jaspzx/Sites/d95site2/web/core/tests/Drupal/KernelTests/Core/Plugin/Context/ContextAwarePluginBaseTest.php" line="79" assertions="0" time="0.003349">
        <error type="Exception">Drupal\KernelTests\Core\Plugin\Context\ContextAwarePluginBaseTest::testSetContextValue
Exception: There is no database connection so no tests can be run. You must provide a SIMPLETEST_DB environment variable to run PHPUnit based functional tests outside of run-tests.sh. See https://www.drupal.org/node/2116263#skipped-tests for more information.

/Users/jaspzx/Sites/d95site2/web/core/tests/Drupal/KernelTests/KernelTestBase.php:454
/Users/jaspzx/Sites/d95site2/web/core/tests/Drupal/KernelTests/KernelTestBase.php:270
/Users/jaspzx/Sites/d95site2/web/core/tests/Drupal/KernelTests/KernelTestBase.php:251
/Users/jaspzx/Sites/d95site2/web/core/tests/Drupal/KernelTests/Core/Plugin/Context/ContextAwarePluginBaseTest.php:36
/Users/jaspzx/Sites/d95site2/vendor/phpunit/phpunit/src/Framework/TestResult.php:728</error>
      </testcase>
    </testsuite>
    <testsuite name="Drupal\KernelTests\Core\Plugin\Context\ContextAwarePluginTraitTest" file="/Users/jaspzx/Sites/d95site2/web/core/tests/Drupal/KernelTests/Core/Plugin/Context/ContextAwarePluginTraitTest.php" tests="6" assertions="0" errors="6" warnings="0" failures="0" skipped="0" time="0.024401">
      <testcase name="testGetContextDefinitions" class="Drupal\KernelTests\Core\Plugin\Context\ContextAwarePluginTraitTest" classname="Drupal.KernelTests.Core.Plugin.Context.ContextAwarePluginTraitTest" file="/Users/jaspzx/Sites/d95site2/web/core/tests/Drupal/KernelTests/Core/Plugin/Context/ContextAwarePluginTraitTest.php" line="59" assertions="0" time="0.003869">
        <error type="Exception">Drupal\KernelTests\Core\Plugin\Context\ContextAwarePluginTraitTest::testGetContextDefinitions
Exception: There is no database connection so no tests can be run. You must provide a SIMPLETEST_DB environment variable to run PHPUnit based functional tests outside of run-tests.sh. See https://www.drupal.org/node/2116263#skipped-tests for more information.

/Users/jaspzx/Sites/d95site2/web/core/tests/Drupal/KernelTests/KernelTestBase.php:454
/Users/jaspzx/Sites/d95site2/web/core/tests/Drupal/KernelTests/KernelTestBase.php:270
/Users/jaspzx/Sites/d95site2/web/core/tests/Drupal/KernelTests/KernelTestBase.php:251
/Users/jaspzx/Sites/d95site2/web/core/tests/Drupal/KernelTests/Core/Plugin/Context/ContextAwarePluginTraitTest.php:49
/Users/jaspzx/Sites/d95site2/vendor/phpunit/phpunit/src/Framework/TestResult.php:728</error>
      </testcase>
      <testcase name="testGetContextDefinition" class="Drupal\KernelTests\Core\Plugin\Context\ContextAwarePluginTraitTest" classname="Drupal.KernelTests.Core.Plugin.Context.ContextAwarePluginTraitTest" file="/Users/jaspzx/Sites/d95site2/web/core/tests/Drupal/KernelTests/Core/Plugin/Context/ContextAwarePluginTraitTest.php" line="66" assertions="0" time="0.004877">
        <error type="Exception">Drupal\KernelTests\Core\Plugin\Context\ContextAwarePluginTraitTest::testGetContextDefinition
Exception: There is no database connection so no tests can be run. You must provide a SIMPLETEST_DB environment variable to run PHPUnit based functional tests outside of run-tests.sh. See https://www.drupal.org/node/2116263#skipped-tests for more information.

/Users/jaspzx/Sites/d95site2/web/core/tests/Drupal/KernelTests/KernelTestBase.php:454
/Users/jaspzx/Sites/d95site2/web/core/tests/Drupal/KernelTests/KernelTestBase.php:270
/Users/jaspzx/Sites/d95site2/web/core/tests/Drupal/KernelTests/KernelTestBase.php:251
/Users/jaspzx/Sites/d95site2/web/core/tests/Drupal/KernelTests/Core/Plugin/Context/ContextAwarePluginTraitTest.php:49
/Users/jaspzx/Sites/d95site2/vendor/phpunit/phpunit/src/Framework/TestResult.php:728</error>
      </testcase>
      <testcase name="testGetContextValue" class="Drupal\KernelTests\Core\Plugin\Context\ContextAwarePluginTraitTest" classname="Drupal.KernelTests.Core.Plugin.Context.ContextAwarePluginTraitTest" file="/Users/jaspzx/Sites/d95site2/web/core/tests/Drupal/KernelTests/Core/Plugin/Context/ContextAwarePluginTraitTest.php" line="76" assertions="0" time="0.003683">
        <error type="Exception">Drupal\KernelTests\Core\Plugin\Context\ContextAwarePluginTraitTest::testGetContextValue
Exception: There is no database connection so no tests can be run. You must provide a SIMPLETEST_DB environment variable to run PHPUnit based functional tests outside of run-tests.sh. See https://www.drupal.org/node/2116263#skipped-tests for more information.

/Users/jaspzx/Sites/d95site2/web/core/tests/Drupal/KernelTests/KernelTestBase.php:454
/Users/jaspzx/Sites/d95site2/web/core/tests/Drupal/KernelTests/KernelTestBase.php:270
/Users/jaspzx/Sites/d95site2/web/core/tests/Drupal/KernelTests/KernelTestBase.php:251
/Users/jaspzx/Sites/d95site2/web/core/tests/Drupal/KernelTests/Core/Plugin/Context/ContextAwarePluginTraitTest.php:49
/Users/jaspzx/Sites/d95site2/vendor/phpunit/phpunit/src/Framework/TestResult.php:728</error>
      </testcase>
      <testcase name="testGetContextValueFromConfiguration" class="Drupal\KernelTests\Core\Plugin\Context\ContextAwarePluginTraitTest" classname="Drupal.KernelTests.Core.Plugin.Context.ContextAwarePluginTraitTest" file="/Users/jaspzx/Sites/d95site2/web/core/tests/Drupal/KernelTests/Core/Plugin/Context/ContextAwarePluginTraitTest.php" line="85" assertions="0" time="0.003696">
        <error type="Exception">Drupal\KernelTests\Core\Plugin\Context\ContextAwarePluginTraitTest::testGetContextValueFromConfiguration
Exception: There is no database connection so no tests can be run. You must provide a SIMPLETEST_DB environment variable to run PHPUnit based functional tests outside of run-tests.sh. See https://www.drupal.org/node/2116263#skipped-tests for more information.

/Users/jaspzx/Sites/d95site2/web/core/tests/Drupal/KernelTests/KernelTestBase.php:454
/Users/jaspzx/Sites/d95site2/web/core/tests/Drupal/KernelTests/KernelTestBase.php:270
/Users/jaspzx/Sites/d95site2/web/core/tests/Drupal/KernelTests/KernelTestBase.php:251
/Users/jaspzx/Sites/d95site2/web/core/tests/Drupal/KernelTests/Core/Plugin/Context/ContextAwarePluginTraitTest.php:49
/Users/jaspzx/Sites/d95site2/vendor/phpunit/phpunit/src/Framework/TestResult.php:728</error>
      </testcase>
      <testcase name="testConfigurableGetContextValueFromConfiguration" class="Drupal\KernelTests\Core\Plugin\Context\ContextAwarePluginTraitTest" classname="Drupal.KernelTests.Core.Plugin.Context.ContextAwarePluginTraitTest" file="/Users/jaspzx/Sites/d95site2/web/core/tests/Drupal/KernelTests/Core/Plugin/Context/ContextAwarePluginTraitTest.php" line="102" assertions="0" time="0.004089">
        <error type="Exception">Drupal\KernelTests\Core\Plugin\Context\ContextAwarePluginTraitTest::testConfigurableGetContextValueFromConfiguration
Exception: There is no database connection so no tests can be run. You must provide a SIMPLETEST_DB environment variable to run PHPUnit based functional tests outside of run-tests.sh. See https://www.drupal.org/node/2116263#skipped-tests for more information.

/Users/jaspzx/Sites/d95site2/web/core/tests/Drupal/KernelTests/KernelTestBase.php:454
/Users/jaspzx/Sites/d95site2/web/core/tests/Drupal/KernelTests/KernelTestBase.php:270
/Users/jaspzx/Sites/d95site2/web/core/tests/Drupal/KernelTests/KernelTestBase.php:251
/Users/jaspzx/Sites/d95site2/web/core/tests/Drupal/KernelTests/Core/Plugin/Context/ContextAwarePluginTraitTest.php:49
/Users/jaspzx/Sites/d95site2/vendor/phpunit/phpunit/src/Framework/TestResult.php:728</error>
      </testcase>
      <testcase name="testSetContextValue" class="Drupal\KernelTests\Core\Plugin\Context\ContextAwarePluginTraitTest" classname="Drupal.KernelTests.Core.Plugin.Context.ContextAwarePluginTraitTest" file="/Users/jaspzx/Sites/d95site2/web/core/tests/Drupal/KernelTests/Core/Plugin/Context/ContextAwarePluginTraitTest.php" line="112" assertions="0" time="0.004187">
        <error type="Exception">Drupal\KernelTests\Core\Plugin\Context\ContextAwarePluginTraitTest::testSetContextValue
Exception: There is no database connection so no tests can be run. You must provide a SIMPLETEST_DB environment variable to run PHPUnit based functional tests outside of run-tests.sh. See https://www.drupal.org/node/2116263#skipped-tests for more information.

/Users/jaspzx/Sites/d95site2/web/core/tests/Drupal/KernelTests/KernelTestBase.php:454
/Users/jaspzx/Sites/d95site2/web/core/tests/Drupal/KernelTests/KernelTestBase.php:270
/Users/jaspzx/Sites/d95site2/web/core/tests/Drupal/KernelTests/KernelTestBase.php:251
/Users/jaspzx/Sites/d95site2/web/core/tests/Drupal/KernelTests/Core/Plugin/Context/ContextAwarePluginTraitTest.php:49
/Users/jaspzx/Sites/d95site2/vendor/phpunit/phpunit/src/Framework/TestResult.php:728</error>
      </testcase>
    </testsuite>
    <testsuite name="Drupal\KernelTests\Core\Plugin\ContextDefinitionTest" file="/Users/jaspzx/Sites/d95site2/web/core/tests/Drupal/KernelTests/Core/Plugin/ContextDefinitionTest.php" tests="3" assertions="0" errors="3" warnings="0" failures="0" skipped="0" time="0.011703">
      <testcase name="testIsSatisfiedBy" class="Drupal\KernelTests\Core\Plugin\ContextDefinitionTest" classname="Drupal.KernelTests.Core.Plugin.ContextDefinitionTest" file="/Users/jaspzx/Sites/d95site2/web/core/tests/Drupal/KernelTests/Core/Plugin/ContextDefinitionTest.php" line="26" assertions="0" time="0.003859">
        <error type="Exception">Drupal\KernelTests\Core\Plugin\ContextDefinitionTest::testIsSatisfiedBy
Exception: There is no database connection so no tests can be run. You must provide a SIMPLETEST_DB environment variable to run PHPUnit based functional tests outside of run-tests.sh. See https://www.drupal.org/node/2116263#skipped-tests for more information.

/Users/jaspzx/Sites/d95site2/web/core/tests/Drupal/KernelTests/KernelTestBase.php:454
/Users/jaspzx/Sites/d95site2/web/core/tests/Drupal/KernelTests/KernelTestBase.php:270
/Users/jaspzx/Sites/d95site2/web/core/tests/Drupal/KernelTests/KernelTestBase.php:251
/Users/jaspzx/Sites/d95site2/vendor/phpunit/phpunit/src/Framework/TestResult.php:728</error>
      </testcase>
      <testcase name="testEntityContextDefinitionAssert" class="Drupal\KernelTests\Core\Plugin\ContextDefinitionTest" classname="Drupal.KernelTests.Core.Plugin.ContextDefinitionTest" file="/Users/jaspzx/Sites/d95site2/web/core/tests/Drupal/KernelTests/Core/Plugin/ContextDefinitionTest.php" line="52" assertions="0" time="0.003916">
        <error type="Exception">Drupal\KernelTests\Core\Plugin\ContextDefinitionTest::testEntityContextDefinitionAssert
Exception: There is no database connection so no tests can be run. You must provide a SIMPLETEST_DB environment variable to run PHPUnit based functional tests outside of run-tests.sh. See https://www.drupal.org/node/2116263#skipped-tests for more information.

/Users/jaspzx/Sites/d95site2/web/core/tests/Drupal/KernelTests/KernelTestBase.php:454
/Users/jaspzx/Sites/d95site2/web/core/tests/Drupal/KernelTests/KernelTestBase.php:270
/Users/jaspzx/Sites/d95site2/web/core/tests/Drupal/KernelTests/KernelTestBase.php:251
/Users/jaspzx/Sites/d95site2/vendor/phpunit/phpunit/src/Framework/TestResult.php:728</error>
      </testcase>
      <testcase name="testCreateWithEntityDataType" class="Drupal\KernelTests\Core\Plugin\ContextDefinitionTest" classname="Drupal.KernelTests.Core.Plugin.ContextDefinitionTest" file="/Users/jaspzx/Sites/d95site2/web/core/tests/Drupal/KernelTests/Core/Plugin/ContextDefinitionTest.php" line="61" assertions="0" time="0.003928">
        <error type="Exception">Drupal\KernelTests\Core\Plugin\ContextDefinitionTest::testCreateWithEntityDataType
Exception: There is no database connection so no tests can be run. You must provide a SIMPLETEST_DB environment variable to run PHPUnit based functional tests outside of run-tests.sh. See https://www.drupal.org/node/2116263#skipped-tests for more information.

/Users/jaspzx/Sites/d95site2/web/core/tests/Drupal/KernelTests/KernelTestBase.php:454
/Users/jaspzx/Sites/d95site2/web/core/tests/Drupal/KernelTests/KernelTestBase.php:270
/Users/jaspzx/Sites/d95site2/web/core/tests/Drupal/KernelTests/KernelTestBase.php:251
/Users/jaspzx/Sites/d95site2/vendor/phpunit/phpunit/src/Framework/TestResult.php:728</error>
      </testcase>
    </testsuite>
    <testsuite name="Drupal\KernelTests\Core\Plugin\ContextHandlerTest" file="/Users/jaspzx/Sites/d95site2/web/core/tests/Drupal/KernelTests/Core/Plugin/ContextHandlerTest.php" tests="2" assertions="0" errors="2" warnings="0" failures="0" skipped="0" time="0.009059">
      <testcase name="testApplyContextMapping" class="Drupal\KernelTests\Core\Plugin\ContextHandlerTest" classname="Drupal.KernelTests.Core.Plugin.ContextHandlerTest" file="/Users/jaspzx/Sites/d95site2/web/core/tests/Drupal/KernelTests/Core/Plugin/ContextHandlerTest.php" line="32" assertions="0" time="0.005245">
        <error type="Exception">Drupal\KernelTests\Core\Plugin\ContextHandlerTest::testApplyContextMapping
Exception: There is no database connection so no tests can be run. You must provide a SIMPLETEST_DB environment variable to run PHPUnit based functional tests outside of run-tests.sh. See https://www.drupal.org/node/2116263#skipped-tests for more information.

/Users/jaspzx/Sites/d95site2/web/core/tests/Drupal/KernelTests/KernelTestBase.php:454
/Users/jaspzx/Sites/d95site2/web/core/tests/Drupal/KernelTests/KernelTestBase.php:270
/Users/jaspzx/Sites/d95site2/web/core/tests/Drupal/KernelTests/KernelTestBase.php:251
/Users/jaspzx/Sites/d95site2/vendor/phpunit/phpunit/src/Framework/TestResult.php:728</error>
      </testcase>
      <testcase name="testApplyContextMappingAlreadyApplied" class="Drupal\KernelTests\Core\Plugin\ContextHandlerTest" classname="Drupal.KernelTests.Core.Plugin.ContextHandlerTest" file="/Users/jaspzx/Sites/d95site2/web/core/tests/Drupal/KernelTests/Core/Plugin/ContextHandlerTest.php" line="50" assertions="0" time="0.003814">
        <error type="Exception">Drupal\KernelTests\Core\Plugin\ContextHandlerTest::testApplyContextMappingAlreadyApplied
Exception: There is no database connection so no tests can be run. You must provide a SIMPLETEST_DB environment variable to run PHPUnit based functional tests outside of run-tests.sh. See https://www.drupal.org/node/2116263#skipped-tests for more information.

/Users/jaspzx/Sites/d95site2/web/core/tests/Drupal/KernelTests/KernelTestBase.php:454
/Users/jaspzx/Sites/d95site2/web/core/tests/Drupal/KernelTests/KernelTestBase.php:270
/Users/jaspzx/Sites/d95site2/web/core/tests/Drupal/KernelTests/KernelTestBase.php:251
/Users/jaspzx/Sites/d95site2/vendor/phpunit/phpunit/src/Framework/TestResult.php:728</error>
      </testcase>
    </testsuite>
    <testsuite name="Drupal\KernelTests\Core\Plugin\ContextPluginTest" file="/Users/jaspzx/Sites/d95site2/web/core/tests/Drupal/KernelTests/Core/Plugin/ContextPluginTest.php" tests="1" assertions="0" errors="1" warnings="0" failures="0" skipped="0" time="0.003819">
      <testcase name="testContext" class="Drupal\KernelTests\Core\Plugin\ContextPluginTest" classname="Drupal.KernelTests.Core.Plugin.ContextPluginTest" file="/Users/jaspzx/Sites/d95site2/web/core/tests/Drupal/KernelTests/Core/Plugin/ContextPluginTest.php" line="32" assertions="0" time="0.003819">
        <error type="Exception">Drupal\KernelTests\Core\Plugin\ContextPluginTest::testContext
Exception: There is no database connection so no tests can be run. You must provide a SIMPLETEST_DB environment variable to run PHPUnit based functional tests outside of run-tests.sh. See https://www.drupal.org/node/2116263#skipped-tests for more information.

/Users/jaspzx/Sites/d95site2/web/core/tests/Drupal/KernelTests/KernelTestBase.php:454
/Users/jaspzx/Sites/d95site2/web/core/tests/Drupal/KernelTests/KernelTestBase.php:270
/Users/jaspzx/Sites/d95site2/web/core/tests/Drupal/KernelTests/KernelTestBase.php:251
/Users/jaspzx/Sites/d95site2/vendor/phpunit/phpunit/src/Framework/TestResult.php:728</error>
      </testcase>
    </testsuite>
    <testsuite name="Drupal\KernelTests\Core\Plugin\DerivativeTest" file="/Users/jaspzx/Sites/d95site2/web/core/tests/Drupal/KernelTests/Core/Plugin/DerivativeTest.php" tests="1" assertions="0" errors="1" warnings="0" failures="0" skipped="0" time="0.005048">
      <testcase name="testDerivativeDecorator" class="Drupal\KernelTests\Core\Plugin\DerivativeTest" classname="Drupal.KernelTests.Core.Plugin.DerivativeTest" file="/Users/jaspzx/Sites/d95site2/web/core/tests/Drupal/KernelTests/Core/Plugin/DerivativeTest.php" line="20" assertions="0" time="0.005048">
        <error type="Exception">Drupal\KernelTests\Core\Plugin\DerivativeTest::testDerivativeDecorator
Exception: There is no database connection so no tests can be run. You must provide a SIMPLETEST_DB environment variable to run PHPUnit based functional tests outside of run-tests.sh. See https://www.drupal.org/node/2116263#skipped-tests for more information.

/Users/jaspzx/Sites/d95site2/web/core/tests/Drupal/KernelTests/KernelTestBase.php:454
/Users/jaspzx/Sites/d95site2/web/core/tests/Drupal/KernelTests/KernelTestBase.php:270
/Users/jaspzx/Sites/d95site2/web/core/tests/Drupal/KernelTests/KernelTestBase.php:251
/Users/jaspzx/Sites/d95site2/web/core/tests/Drupal/KernelTests/Core/Plugin/PluginTestBase.php:36
/Users/jaspzx/Sites/d95site2/vendor/phpunit/phpunit/src/Framework/TestResult.php:728</error>
      </testcase>
    </testsuite>
    <testsuite name="Drupal\KernelTests\Core\Plugin\Discovery\AnnotatedClassDiscoveryTest" file="/Users/jaspzx/Sites/d95site2/web/core/tests/Drupal/KernelTests/Core/Plugin/Discovery/AnnotatedClassDiscoveryTest.php" tests="1" assertions="0" errors="1" warnings="0" failures="0" skipped="0" time="0.003754">
      <testcase name="testDiscoveryInterface" class="Drupal\KernelTests\Core\Plugin\Discovery\AnnotatedClassDiscoveryTest" classname="Drupal.KernelTests.Core.Plugin.Discovery.AnnotatedClassDiscoveryTest" file="/Users/jaspzx/Sites/d95site2/web/core/tests/Drupal/KernelTests/Core/Plugin/Discovery/AnnotatedClassDiscoveryTest.php" line="40" assertions="0" time="0.003754">
        <error type="Exception">Drupal\KernelTests\Core\Plugin\Discovery\AnnotatedClassDiscoveryTest::testDiscoveryInterface
Exception: There is no database connection so no tests can be run. You must provide a SIMPLETEST_DB environment variable to run PHPUnit based functional tests outside of run-tests.sh. See https://www.drupal.org/node/2116263#skipped-tests for more information.

/Users/jaspzx/Sites/d95site2/web/core/tests/Drupal/KernelTests/KernelTestBase.php:454
/Users/jaspzx/Sites/d95site2/web/core/tests/Drupal/KernelTests/KernelTestBase.php:270
/Users/jaspzx/Sites/d95site2/web/core/tests/Drupal/KernelTests/KernelTestBase.php:251
/Users/jaspzx/Sites/d95site2/web/core/tests/Drupal/KernelTests/Core/Plugin/Discovery/AnnotatedClassDiscoveryTest.php:19
/Users/jaspzx/Sites/d95site2/vendor/phpunit/phpunit/src/Framework/TestResult.php:728</error>
      </testcase>
    </testsuite>
    <testsuite name="Drupal\KernelTests\Core\Plugin\Discovery\CustomAnnotationClassDiscoveryTest" file="/Users/jaspzx/Sites/d95site2/web/core/tests/Drupal/KernelTests/Core/Plugin/Discovery/CustomAnnotationClassDiscoveryTest.php" tests="1" assertions="0" errors="1" warnings="0" failures="0" skipped="0" time="0.004685">
      <testcase name="testDiscoveryInterface" class="Drupal\KernelTests\Core\Plugin\Discovery\CustomAnnotationClassDiscoveryTest" classname="Drupal.KernelTests.Core.Plugin.Discovery.CustomAnnotationClassDiscoveryTest" file="/Users/jaspzx/Sites/d95site2/web/core/tests/Drupal/KernelTests/Core/Plugin/Discovery/CustomAnnotationClassDiscoveryTest.php" line="40" assertions="0" time="0.004685">
        <error type="Exception">Drupal\KernelTests\Core\Plugin\Discovery\CustomAnnotationClassDiscoveryTest::testDiscoveryInterface
Exception: There is no database connection so no tests can be run. You must provide a SIMPLETEST_DB environment variable to run PHPUnit based functional tests outside of run-tests.sh. See https://www.drupal.org/node/2116263#skipped-tests for more information.

/Users/jaspzx/Sites/d95site2/web/core/tests/Drupal/KernelTests/KernelTestBase.php:454
/Users/jaspzx/Sites/d95site2/web/core/tests/Drupal/KernelTests/KernelTestBase.php:270
/Users/jaspzx/Sites/d95site2/web/core/tests/Drupal/KernelTests/KernelTestBase.php:251
/Users/jaspzx/Sites/d95site2/web/core/tests/Drupal/KernelTests/Core/Plugin/Discovery/CustomAnnotationClassDiscoveryTest.php:19
/Users/jaspzx/Sites/d95site2/vendor/phpunit/phpunit/src/Framework/TestResult.php:728</error>
      </testcase>
    </testsuite>
    <testsuite name="Drupal\KernelTests\Core\Plugin\Discovery\CustomDirectoryAnnotatedClassDiscoveryTest" file="/Users/jaspzx/Sites/d95site2/web/core/tests/Drupal/KernelTests/Core/Plugin/Discovery/CustomDirectoryAnnotatedClassDiscoveryTest.php" tests="1" assertions="0" errors="1" warnings="0" failures="0" skipped="0" time="0.003769">
      <testcase name="testDiscoveryInterface" class="Drupal\KernelTests\Core\Plugin\Discovery\CustomDirectoryAnnotatedClassDiscoveryTest" classname="Drupal.KernelTests.Core.Plugin.Discovery.CustomDirectoryAnnotatedClassDiscoveryTest" file="/Users/jaspzx/Sites/d95site2/web/core/tests/Drupal/KernelTests/Core/Plugin/Discovery/CustomDirectoryAnnotatedClassDiscoveryTest.php" line="40" assertions="0" time="0.003769">
        <error type="Exception">Drupal\KernelTests\Core\Plugin\Discovery\CustomDirectoryAnnotatedClassDiscoveryTest::testDiscoveryInterface
Exception: There is no database connection so no tests can be run. You must provide a SIMPLETEST_DB environment variable to run PHPUnit based functional tests outside of run-tests.sh. See https://www.drupal.org/node/2116263#skipped-tests for more information.

/Users/jaspzx/Sites/d95site2/web/core/tests/Drupal/KernelTests/KernelTestBase.php:454
/Users/jaspzx/Sites/d95site2/web/core/tests/Drupal/KernelTests/KernelTestBase.php:270
/Users/jaspzx/Sites/d95site2/web/core/tests/Drupal/KernelTests/KernelTestBase.php:251
/Users/jaspzx/Sites/d95site2/web/core/tests/Drupal/KernelTests/Core/Plugin/Discovery/CustomDirectoryAnnotatedClassDiscoveryTest.php:20
/Users/jaspzx/Sites/d95site2/vendor/phpunit/phpunit/src/Framework/TestResult.php:728</error>
      </testcase>
    </testsuite>
    <testsuite name="Drupal\KernelTests\Core\Plugin\Discovery\StaticDiscoveryTest" file="/Users/jaspzx/Sites/d95site2/web/core/tests/Drupal/KernelTests/Core/Plugin/Discovery/StaticDiscoveryTest.php" tests="1" assertions="0" errors="1" warnings="0" failures="0" skipped="0" time="0.003486">
      <testcase name="testDiscoveryInterface" class="Drupal\KernelTests\Core\Plugin\Discovery\StaticDiscoveryTest" classname="Drupal.KernelTests.Core.Plugin.Discovery.StaticDiscoveryTest" file="/Users/jaspzx/Sites/d95site2/web/core/tests/Drupal/KernelTests/Core/Plugin/Discovery/StaticDiscoveryTest.php" line="40" assertions="0" time="0.003486">
        <error type="Exception">Drupal\KernelTests\Core\Plugin\Discovery\StaticDiscoveryTest::testDiscoveryInterface
Exception: There is no database connection so no tests can be run. You must provide a SIMPLETEST_DB environment variable to run PHPUnit based functional tests outside of run-tests.sh. See https://www.drupal.org/node/2116263#skipped-tests for more information.

/Users/jaspzx/Sites/d95site2/web/core/tests/Drupal/KernelTests/KernelTestBase.php:454
/Users/jaspzx/Sites/d95site2/web/core/tests/Drupal/KernelTests/KernelTestBase.php:270
/Users/jaspzx/Sites/d95site2/web/core/tests/Drupal/KernelTests/KernelTestBase.php:251
/Users/jaspzx/Sites/d95site2/web/core/tests/Drupal/KernelTests/Core/Plugin/Discovery/StaticDiscoveryTest.php:18
/Users/jaspzx/Sites/d95site2/vendor/phpunit/phpunit/src/Framework/TestResult.php:728</error>
      </testcase>
    </testsuite>
    <testsuite name="Drupal\KernelTests\Core\Plugin\FactoryTest" file="/Users/jaspzx/Sites/d95site2/web/core/tests/Drupal/KernelTests/Core/Plugin/FactoryTest.php" tests="2" assertions="0" errors="2" warnings="0" failures="0" skipped="0" time="0.007922">
      <testcase name="testDefaultFactory" class="Drupal\KernelTests\Core\Plugin\FactoryTest" classname="Drupal.KernelTests.Core.Plugin.FactoryTest" file="/Users/jaspzx/Sites/d95site2/web/core/tests/Drupal/KernelTests/Core/Plugin/FactoryTest.php" line="22" assertions="0" time="0.004010">
        <error type="Exception">Drupal\KernelTests\Core\Plugin\FactoryTest::testDefaultFactory
Exception: There is no database connection so no tests can be run. You must provide a SIMPLETEST_DB environment variable to run PHPUnit based functional tests outside of run-tests.sh. See https://www.drupal.org/node/2116263#skipped-tests for more information.

/Users/jaspzx/Sites/d95site2/web/core/tests/Drupal/KernelTests/KernelTestBase.php:454
/Users/jaspzx/Sites/d95site2/web/core/tests/Drupal/KernelTests/KernelTestBase.php:270
/Users/jaspzx/Sites/d95site2/web/core/tests/Drupal/KernelTests/KernelTestBase.php:251
/Users/jaspzx/Sites/d95site2/web/core/tests/Drupal/KernelTests/Core/Plugin/PluginTestBase.php:36
/Users/jaspzx/Sites/d95site2/vendor/phpunit/phpunit/src/Framework/TestResult.php:728</error>
      </testcase>
      <testcase name="testReflectionFactory" class="Drupal\KernelTests\Core\Plugin\FactoryTest" classname="Drupal.KernelTests.Core.Plugin.FactoryTest" file="/Users/jaspzx/Sites/d95site2/web/core/tests/Drupal/KernelTests/Core/Plugin/FactoryTest.php" line="49" assertions="0" time="0.003912">
        <error type="Exception">Drupal\KernelTests\Core\Plugin\FactoryTest::testReflectionFactory
Exception: There is no database connection so no tests can be run. You must provide a SIMPLETEST_DB environment variable to run PHPUnit based functional tests outside of run-tests.sh. See https://www.drupal.org/node/2116263#skipped-tests for more information.

/Users/jaspzx/Sites/d95site2/web/core/tests/Drupal/KernelTests/KernelTestBase.php:454
/Users/jaspzx/Sites/d95site2/web/core/tests/Drupal/KernelTests/KernelTestBase.php:270
/Users/jaspzx/Sites/d95site2/web/core/tests/Drupal/KernelTests/KernelTestBase.php:251
/Users/jaspzx/Sites/d95site2/web/core/tests/Drupal/KernelTests/Core/Plugin/PluginTestBase.php:36
/Users/jaspzx/Sites/d95site2/vendor/phpunit/phpunit/src/Framework/TestResult.php:728</error>
      </testcase>
    </testsuite>
    <testsuite name="Drupal\KernelTests\Core\Plugin\InspectionTest" file="/Users/jaspzx/Sites/d95site2/web/core/tests/Drupal/KernelTests/Core/Plugin/InspectionTest.php" tests="1" assertions="0" errors="1" warnings="0" failures="0" skipped="0" time="0.003757">
      <testcase name="testInspection" class="Drupal\KernelTests\Core\Plugin\InspectionTest" classname="Drupal.KernelTests.Core.Plugin.InspectionTest" file="/Users/jaspzx/Sites/d95site2/web/core/tests/Drupal/KernelTests/Core/Plugin/InspectionTest.php" line="20" assertions="0" time="0.003757">
        <error type="Exception">Drupal\KernelTests\Core\Plugin\InspectionTest::testInspection
Exception: There is no database connection so no tests can be run. You must provide a SIMPLETEST_DB environment variable to run PHPUnit based functional tests outside of run-tests.sh. See https://www.drupal.org/node/2116263#skipped-tests for more information.

/Users/jaspzx/Sites/d95site2/web/core/tests/Drupal/KernelTests/KernelTestBase.php:454
/Users/jaspzx/Sites/d95site2/web/core/tests/Drupal/KernelTests/KernelTestBase.php:270
/Users/jaspzx/Sites/d95site2/web/core/tests/Drupal/KernelTests/KernelTestBase.php:251
/Users/jaspzx/Sites/d95site2/web/core/tests/Drupal/KernelTests/Core/Plugin/PluginTestBase.php:36
/Users/jaspzx/Sites/d95site2/vendor/phpunit/phpunit/src/Framework/TestResult.php:728</error>
      </testcase>
    </testsuite>
    <testsuite name="Drupal\Tests\Component\Annotation\Plugin\Discovery\AnnotationBridgeDecoratorTest" file="/Users/jaspzx/Sites/d95site2/web/core/tests/Drupal/Tests/Component/Annotation/Plugin/Discovery/AnnotationBridgeDecoratorTest.php" tests="1" assertions="1" errors="0" warnings="0" failures="0" skipped="0" time="0.004143">
      <testcase name="testGetDefinitions" class="Drupal\Tests\Component\Annotation\Plugin\Discovery\AnnotationBridgeDecoratorTest" classname="Drupal.Tests.Component.Annotation.Plugin.Discovery.AnnotationBridgeDecoratorTest" file="/Users/jaspzx/Sites/d95site2/web/core/tests/Drupal/Tests/Component/Annotation/Plugin/Discovery/AnnotationBridgeDecoratorTest.php" line="23" assertions="1" time="0.004143"/>
    </testsuite>
    <testsuite name="Drupal\Tests\Component\Plugin\Context\ContextTest" file="/Users/jaspzx/Sites/d95site2/web/core/tests/Drupal/Tests/Component/Plugin/Context/ContextTest.php" tests="13" assertions="37" errors="0" warnings="0" failures="0" skipped="0" time="0.005563">
      <testsuite name="Drupal\Tests\Component\Plugin\Context\ContextTest::testGetContextValue" tests="3" assertions="8" errors="0" warnings="0" failures="0" skipped="0" time="0.002973">
        <testcase name="testGetContextValue with data set #0" class="Drupal\Tests\Component\Plugin\Context\ContextTest" classname="Drupal.Tests.Component.Plugin.Context.ContextTest" file="/Users/jaspzx/Sites/d95site2/web/core/tests/Drupal/Tests/Component/Plugin/Context/ContextTest.php" line="29" assertions="1" time="0.001004"/>
        <testcase name="testGetContextValue with data set #1" class="Drupal\Tests\Component\Plugin\Context\ContextTest" classname="Drupal.Tests.Component.Plugin.Context.ContextTest" file="/Users/jaspzx/Sites/d95site2/web/core/tests/Drupal/Tests/Component/Plugin/Context/ContextTest.php" line="29" assertions="3" time="0.001184"/>
        <testcase name="testGetContextValue with data set #2" class="Drupal\Tests\Component\Plugin\Context\ContextTest" classname="Drupal.Tests.Component.Plugin.Context.ContextTest" file="/Users/jaspzx/Sites/d95site2/web/core/tests/Drupal/Tests/Component/Plugin/Context/ContextTest.php" line="29" assertions="4" time="0.000785"/>
      </testsuite>
      <testsuite name="Drupal\Tests\Component\Plugin\Context\ContextTest::testHasContextValue" tests="9" assertions="27" errors="0" warnings="0" failures="0" skipped="0" time="0.002417">
        <testcase name="testHasContextValue with data set #0" class="Drupal\Tests\Component\Plugin\Context\ContextTest" classname="Drupal.Tests.Component.Plugin.Context.ContextTest" file="/Users/jaspzx/Sites/d95site2/web/core/tests/Drupal/Tests/Component/Plugin/Context/ContextTest.php" line="104" assertions="3" time="0.000929"/>
        <testcase name="testHasContextValue with data set #1" class="Drupal\Tests\Component\Plugin\Context\ContextTest" classname="Drupal.Tests.Component.Plugin.Context.ContextTest" file="/Users/jaspzx/Sites/d95site2/web/core/tests/Drupal/Tests/Component/Plugin/Context/ContextTest.php" line="104" assertions="3" time="0.000242"/>
        <testcase name="testHasContextValue with data set #2" class="Drupal\Tests\Component\Plugin\Context\ContextTest" classname="Drupal.Tests.Component.Plugin.Context.ContextTest" file="/Users/jaspzx/Sites/d95site2/web/core/tests/Drupal/Tests/Component/Plugin/Context/ContextTest.php" line="104" assertions="3" time="0.000222"/>
        <testcase name="testHasContextValue with data set #3" class="Drupal\Tests\Component\Plugin\Context\ContextTest" classname="Drupal.Tests.Component.Plugin.Context.ContextTest" file="/Users/jaspzx/Sites/d95site2/web/core/tests/Drupal/Tests/Component/Plugin/Context/ContextTest.php" line="104" assertions="3" time="0.000220"/>
        <testcase name="testHasContextValue with data set #4" class="Drupal\Tests\Component\Plugin\Context\ContextTest" classname="Drupal.Tests.Component.Plugin.Context.ContextTest" file="/Users/jaspzx/Sites/d95site2/web/core/tests/Drupal/Tests/Component/Plugin/Context/ContextTest.php" line="104" assertions="3" time="0.000213"/>
        <testcase name="testHasContextValue with data set #5" class="Drupal\Tests\Component\Plugin\Context\ContextTest" classname="Drupal.Tests.Component.Plugin.Context.ContextTest" file="/Users/jaspzx/Sites/d95site2/web/core/tests/Drupal/Tests/Component/Plugin/Context/ContextTest.php" line="104" assertions="3" time="0.000146"/>
        <testcase name="testHasContextValue with data set #6" class="Drupal\Tests\Component\Plugin\Context\ContextTest" classname="Drupal.Tests.Component.Plugin.Context.ContextTest" file="/Users/jaspzx/Sites/d95site2/web/core/tests/Drupal/Tests/Component/Plugin/Context/ContextTest.php" line="104" assertions="3" time="0.000146"/>
        <testcase name="testHasContextValue with data set #7" class="Drupal\Tests\Component\Plugin\Context\ContextTest" classname="Drupal.Tests.Component.Plugin.Context.ContextTest" file="/Users/jaspzx/Sites/d95site2/web/core/tests/Drupal/Tests/Component/Plugin/Context/ContextTest.php" line="104" assertions="3" time="0.000145"/>
        <testcase name="testHasContextValue with data set #8" class="Drupal\Tests\Component\Plugin\Context\ContextTest" classname="Drupal.Tests.Component.Plugin.Context.ContextTest" file="/Users/jaspzx/Sites/d95site2/web/core/tests/Drupal/Tests/Component/Plugin/Context/ContextTest.php" line="104" assertions="3" time="0.000153"/>
      </testsuite>
      <testcase name="testDefaultValue" class="Drupal\Tests\Component\Plugin\Context\ContextTest" classname="Drupal.Tests.Component.Plugin.Context.ContextTest" file="/Users/jaspzx/Sites/d95site2/web/core/tests/Drupal/Tests/Component/Plugin/Context/ContextTest.php" line="122" assertions="2" time="0.000173"/>
    </testsuite>
    <testsuite name="Drupal\Tests\Component\Plugin\DefaultFactoryTest" file="/Users/jaspzx/Sites/d95site2/web/core/tests/Drupal/Tests/Component/Plugin/DefaultFactoryTest.php" tests="10" assertions="18" errors="0" warnings="0" failures="0" skipped="0" time="0.002346">
      <testcase name="testGetPluginClassWithValidArrayPluginDefinition" class="Drupal\Tests\Component\Plugin\DefaultFactoryTest" classname="Drupal.Tests.Component.Plugin.DefaultFactoryTest" file="/Users/jaspzx/Sites/d95site2/web/core/tests/Drupal/Tests/Component/Plugin/DefaultFactoryTest.php" line="24" assertions="1" time="0.000324"/>
      <testcase name="testGetPluginClassWithValidObjectPluginDefinition" class="Drupal\Tests\Component\Plugin\DefaultFactoryTest" classname="Drupal.Tests.Component.Plugin.DefaultFactoryTest" file="/Users/jaspzx/Sites/d95site2/web/core/tests/Drupal/Tests/Component/Plugin/DefaultFactoryTest.php" line="36" assertions="2" time="0.000489"/>
      <testcase name="testGetPluginClassWithMissingClassWithArrayPluginDefinition" class="Drupal\Tests\Component\Plugin\DefaultFactoryTest" classname="Drupal.Tests.Component.Plugin.DefaultFactoryTest" file="/Users/jaspzx/Sites/d95site2/web/core/tests/Drupal/Tests/Component/Plugin/DefaultFactoryTest.php" line="52" assertions="2" time="0.000336"/>
      <testcase name="testGetPluginClassWithMissingClassWithObjectPluginDefinition" class="Drupal\Tests\Component\Plugin\DefaultFactoryTest" classname="Drupal.Tests.Component.Plugin.DefaultFactoryTest" file="/Users/jaspzx/Sites/d95site2/web/core/tests/Drupal/Tests/Component/Plugin/DefaultFactoryTest.php" line="63" assertions="2" time="0.000217"/>
      <testcase name="testGetPluginClassWithNotExistingClassWithArrayPluginDefinition" class="Drupal\Tests\Component\Plugin\DefaultFactoryTest" classname="Drupal.Tests.Component.Plugin.DefaultFactoryTest" file="/Users/jaspzx/Sites/d95site2/web/core/tests/Drupal/Tests/Component/Plugin/DefaultFactoryTest.php" line="76" assertions="2" time="0.000165"/>
      <testcase name="testGetPluginClassWithNotExistingClassWithObjectPluginDefinition" class="Drupal\Tests\Component\Plugin\DefaultFactoryTest" classname="Drupal.Tests.Component.Plugin.DefaultFactoryTest" file="/Users/jaspzx/Sites/d95site2/web/core/tests/Drupal/Tests/Component/Plugin/DefaultFactoryTest.php" line="87" assertions="2" time="0.000151"/>
      <testcase name="testGetPluginClassWithInterfaceWithArrayPluginDefinition" class="Drupal\Tests\Component\Plugin\DefaultFactoryTest" classname="Drupal.Tests.Component.Plugin.DefaultFactoryTest" file="/Users/jaspzx/Sites/d95site2/web/core/tests/Drupal/Tests/Component/Plugin/DefaultFactoryTest.php" line="102" assertions="1" time="0.000093"/>
      <testcase name="testGetPluginClassWithInterfaceWithObjectPluginDefinition" class="Drupal\Tests\Component\Plugin\DefaultFactoryTest" classname="Drupal.Tests.Component.Plugin.DefaultFactoryTest" file="/Users/jaspzx/Sites/d95site2/web/core/tests/Drupal/Tests/Component/Plugin/DefaultFactoryTest.php" line="114" assertions="2" time="0.000165"/>
      <testcase name="testGetPluginClassWithInterfaceAndInvalidClassWithArrayPluginDefinition" class="Drupal\Tests\Component\Plugin\DefaultFactoryTest" classname="Drupal.Tests.Component.Plugin.DefaultFactoryTest" file="/Users/jaspzx/Sites/d95site2/web/core/tests/Drupal/Tests/Component/Plugin/DefaultFactoryTest.php" line="130" assertions="2" time="0.000239"/>
      <testcase name="testGetPluginClassWithInterfaceAndInvalidClassWithObjectPluginDefinition" class="Drupal\Tests\Component\Plugin\DefaultFactoryTest" classname="Drupal.Tests.Component.Plugin.DefaultFactoryTest" file="/Users/jaspzx/Sites/d95site2/web/core/tests/Drupal/Tests/Component/Plugin/DefaultFactoryTest.php" line="141" assertions="2" time="0.000167"/>
    </testsuite>
    <testsuite name="Drupal\Tests\Component\Plugin\Discovery\AnnotatedClassDiscoveryTest" file="/Users/jaspzx/Sites/d95site2/web/core/tests/Drupal/Tests/Component/Plugin/Discovery/AnnotatedClassDiscoveryTest.php" tests="22" assertions="22" errors="0" warnings="0" failures="0" skipped="0" time="0.014972">
      <testsuite name="Drupal\Tests\Component\Plugin\Discovery\AnnotatedClassDiscoveryTest::testAutoloadBadAnnotations" tests="22" assertions="22" errors="0" warnings="0" failures="0" skipped="0" time="0.014972">
        <testcase name="testAutoloadBadAnnotations with data set #0" class="Drupal\Tests\Component\Plugin\Discovery\AnnotatedClassDiscoveryTest" classname="Drupal.Tests.Component.Plugin.Discovery.AnnotatedClassDiscoveryTest" file="/Users/jaspzx/Sites/d95site2/web/core/tests/Drupal/Tests/Component/Plugin/Discovery/AnnotatedClassDiscoveryTest.php" line="59" assertions="1" time="0.008102"/>
        <testcase name="testAutoloadBadAnnotations with data set #1" class="Drupal\Tests\Component\Plugin\Discovery\AnnotatedClassDiscoveryTest" classname="Drupal.Tests.Component.Plugin.Discovery.AnnotatedClassDiscoveryTest" file="/Users/jaspzx/Sites/d95site2/web/core/tests/Drupal/Tests/Component/Plugin/Discovery/AnnotatedClassDiscoveryTest.php" line="59" assertions="1" time="0.000402"/>
        <testcase name="testAutoloadBadAnnotations with data set #2" class="Drupal\Tests\Component\Plugin\Discovery\AnnotatedClassDiscoveryTest" classname="Drupal.Tests.Component.Plugin.Discovery.AnnotatedClassDiscoveryTest" file="/Users/jaspzx/Sites/d95site2/web/core/tests/Drupal/Tests/Component/Plugin/Discovery/AnnotatedClassDiscoveryTest.php" line="59" assertions="1" time="0.000309"/>
        <testcase name="testAutoloadBadAnnotations with data set #3" class="Drupal\Tests\Component\Plugin\Discovery\AnnotatedClassDiscoveryTest" classname="Drupal.Tests.Component.Plugin.Discovery.AnnotatedClassDiscoveryTest" file="/Users/jaspzx/Sites/d95site2/web/core/tests/Drupal/Tests/Component/Plugin/Discovery/AnnotatedClassDiscoveryTest.php" line="59" assertions="1" time="0.000290"/>
        <testcase name="testAutoloadBadAnnotations with data set #4" class="Drupal\Tests\Component\Plugin\Discovery\AnnotatedClassDiscoveryTest" classname="Drupal.Tests.Component.Plugin.Discovery.AnnotatedClassDiscoveryTest" file="/Users/jaspzx/Sites/d95site2/web/core/tests/Drupal/Tests/Component/Plugin/Discovery/AnnotatedClassDiscoveryTest.php" line="59" assertions="1" time="0.000279"/>
        <testcase name="testAutoloadBadAnnotations with data set #5" class="Drupal\Tests\Component\Plugin\Discovery\AnnotatedClassDiscoveryTest" classname="Drupal.Tests.Component.Plugin.Discovery.AnnotatedClassDiscoveryTest" file="/Users/jaspzx/Sites/d95site2/web/core/tests/Drupal/Tests/Component/Plugin/Discovery/AnnotatedClassDiscoveryTest.php" line="59" assertions="1" time="0.000396"/>
        <testcase name="testAutoloadBadAnnotations with data set #6" class="Drupal\Tests\Component\Plugin\Discovery\AnnotatedClassDiscoveryTest" classname="Drupal.Tests.Component.Plugin.Discovery.AnnotatedClassDiscoveryTest" file="/Users/jaspzx/Sites/d95site2/web/core/tests/Drupal/Tests/Component/Plugin/Discovery/AnnotatedClassDiscoveryTest.php" line="59" assertions="1" time="0.000468"/>
        <testcase name="testAutoloadBadAnnotations with data set #7" class="Drupal\Tests\Component\Plugin\Discovery\AnnotatedClassDiscoveryTest" classname="Drupal.Tests.Component.Plugin.Discovery.AnnotatedClassDiscoveryTest" file="/Users/jaspzx/Sites/d95site2/web/core/tests/Drupal/Tests/Component/Plugin/Discovery/AnnotatedClassDiscoveryTest.php" line="59" assertions="1" time="0.000564"/>
        <testcase name="testAutoloadBadAnnotations with data set #8" class="Drupal\Tests\Component\Plugin\Discovery\AnnotatedClassDiscoveryTest" classname="Drupal.Tests.Component.Plugin.Discovery.AnnotatedClassDiscoveryTest" file="/Users/jaspzx/Sites/d95site2/web/core/tests/Drupal/Tests/Component/Plugin/Discovery/AnnotatedClassDiscoveryTest.php" line="59" assertions="1" time="0.000299"/>
        <testcase name="testAutoloadBadAnnotations with data set #9" class="Drupal\Tests\Component\Plugin\Discovery\AnnotatedClassDiscoveryTest" classname="Drupal.Tests.Component.Plugin.Discovery.AnnotatedClassDiscoveryTest" file="/Users/jaspzx/Sites/d95site2/web/core/tests/Drupal/Tests/Component/Plugin/Discovery/AnnotatedClassDiscoveryTest.php" line="59" assertions="1" time="0.000299"/>
        <testcase name="testAutoloadBadAnnotations with data set #10" class="Drupal\Tests\Component\Plugin\Discovery\AnnotatedClassDiscoveryTest" classname="Drupal.Tests.Component.Plugin.Discovery.AnnotatedClassDiscoveryTest" file="/Users/jaspzx/Sites/d95site2/web/core/tests/Drupal/Tests/Component/Plugin/Discovery/AnnotatedClassDiscoveryTest.php" line="59" assertions="1" time="0.000489"/>
        <testcase name="testAutoloadBadAnnotations with data set #11" class="Drupal\Tests\Component\Plugin\Discovery\AnnotatedClassDiscoveryTest" classname="Drupal.Tests.Component.Plugin.Discovery.AnnotatedClassDiscoveryTest" file="/Users/jaspzx/Sites/d95site2/web/core/tests/Drupal/Tests/Component/Plugin/Discovery/AnnotatedClassDiscoveryTest.php" line="59" assertions="1" time="0.000308"/>
        <testcase name="testAutoloadBadAnnotations with data set #12" class="Drupal\Tests\Component\Plugin\Discovery\AnnotatedClassDiscoveryTest" classname="Drupal.Tests.Component.Plugin.Discovery.AnnotatedClassDiscoveryTest" file="/Users/jaspzx/Sites/d95site2/web/core/tests/Drupal/Tests/Component/Plugin/Discovery/AnnotatedClassDiscoveryTest.php" line="59" assertions="1" time="0.000287"/>
        <testcase name="testAutoloadBadAnnotations with data set #13" class="Drupal\Tests\Component\Plugin\Discovery\AnnotatedClassDiscoveryTest" classname="Drupal.Tests.Component.Plugin.Discovery.AnnotatedClassDiscoveryTest" file="/Users/jaspzx/Sites/d95site2/web/core/tests/Drupal/Tests/Component/Plugin/Discovery/AnnotatedClassDiscoveryTest.php" line="59" assertions="1" time="0.000274"/>
        <testcase name="testAutoloadBadAnnotations with data set #14" class="Drupal\Tests\Component\Plugin\Discovery\AnnotatedClassDiscoveryTest" classname="Drupal.Tests.Component.Plugin.Discovery.AnnotatedClassDiscoveryTest" file="/Users/jaspzx/Sites/d95site2/web/core/tests/Drupal/Tests/Component/Plugin/Discovery/AnnotatedClassDiscoveryTest.php" line="59" assertions="1" time="0.000267"/>
        <testcase name="testAutoloadBadAnnotations with data set #15" class="Drupal\Tests\Component\Plugin\Discovery\AnnotatedClassDiscoveryTest" classname="Drupal.Tests.Component.Plugin.Discovery.AnnotatedClassDiscoveryTest" file="/Users/jaspzx/Sites/d95site2/web/core/tests/Drupal/Tests/Component/Plugin/Discovery/AnnotatedClassDiscoveryTest.php" line="59" assertions="1" time="0.000302"/>
        <testcase name="testAutoloadBadAnnotations with data set #16" class="Drupal\Tests\Component\Plugin\Discovery\AnnotatedClassDiscoveryTest" classname="Drupal.Tests.Component.Plugin.Discovery.AnnotatedClassDiscoveryTest" file="/Users/jaspzx/Sites/d95site2/web/core/tests/Drupal/Tests/Component/Plugin/Discovery/AnnotatedClassDiscoveryTest.php" line="59" assertions="1" time="0.000294"/>
        <testcase name="testAutoloadBadAnnotations with data set #17" class="Drupal\Tests\Component\Plugin\Discovery\AnnotatedClassDiscoveryTest" classname="Drupal.Tests.Component.Plugin.Discovery.AnnotatedClassDiscoveryTest" file="/Users/jaspzx/Sites/d95site2/web/core/tests/Drupal/Tests/Component/Plugin/Discovery/AnnotatedClassDiscoveryTest.php" line="59" assertions="1" time="0.000275"/>
        <testcase name="testAutoloadBadAnnotations with data set #18" class="Drupal\Tests\Component\Plugin\Discovery\AnnotatedClassDiscoveryTest" classname="Drupal.Tests.Component.Plugin.Discovery.AnnotatedClassDiscoveryTest" file="/Users/jaspzx/Sites/d95site2/web/core/tests/Drupal/Tests/Component/Plugin/Discovery/AnnotatedClassDiscoveryTest.php" line="59" assertions="1" time="0.000283"/>
        <testcase name="testAutoloadBadAnnotations with data set #19" class="Drupal\Tests\Component\Plugin\Discovery\AnnotatedClassDiscoveryTest" classname="Drupal.Tests.Component.Plugin.Discovery.AnnotatedClassDiscoveryTest" file="/Users/jaspzx/Sites/d95site2/web/core/tests/Drupal/Tests/Component/Plugin/Discovery/AnnotatedClassDiscoveryTest.php" line="59" assertions="1" time="0.000269"/>
        <testcase name="testAutoloadBadAnnotations with data set #20" class="Drupal\Tests\Component\Plugin\Discovery\AnnotatedClassDiscoveryTest" classname="Drupal.Tests.Component.Plugin.Discovery.AnnotatedClassDiscoveryTest" file="/Users/jaspzx/Sites/d95site2/web/core/tests/Drupal/Tests/Component/Plugin/Discovery/AnnotatedClassDiscoveryTest.php" line="59" assertions="1" time="0.000265"/>
        <testcase name="testAutoloadBadAnnotations with data set #21" class="Drupal\Tests\Component\Plugin\Discovery\AnnotatedClassDiscoveryTest" classname="Drupal.Tests.Component.Plugin.Discovery.AnnotatedClassDiscoveryTest" file="/Users/jaspzx/Sites/d95site2/web/core/tests/Drupal/Tests/Component/Plugin/Discovery/AnnotatedClassDiscoveryTest.php" line="59" assertions="1" time="0.000252"/>
      </testsuite>
    </testsuite>
    <testsuite name="Drupal\Tests\Component\Plugin\Discovery\DiscoveryCachedTraitTest" file="/Users/jaspzx/Sites/d95site2/web/core/tests/Drupal/Tests/Component/Plugin/Discovery/DiscoveryCachedTraitTest.php" tests="3" assertions="4" errors="0" warnings="0" failures="0" skipped="0" time="0.001107">
      <testsuite name="Drupal\Tests\Component\Plugin\Discovery\DiscoveryCachedTraitTest::testGetDefinition" tests="3" assertions="4" errors="0" warnings="0" failures="0" skipped="0" time="0.001107">
        <testcase name="testGetDefinition with data set #0" class="Drupal\Tests\Component\Plugin\Discovery\DiscoveryCachedTraitTest" classname="Drupal.Tests.Component.Plugin.Discovery.DiscoveryCachedTraitTest" file="/Users/jaspzx/Sites/d95site2/web/core/tests/Drupal/Tests/Component/Plugin/Discovery/DiscoveryCachedTraitTest.php" line="35" assertions="2" time="0.000616"/>
        <testcase name="testGetDefinition with data set #1" class="Drupal\Tests\Component\Plugin\Discovery\DiscoveryCachedTraitTest" classname="Drupal.Tests.Component.Plugin.Discovery.DiscoveryCachedTraitTest" file="/Users/jaspzx/Sites/d95site2/web/core/tests/Drupal/Tests/Component/Plugin/Discovery/DiscoveryCachedTraitTest.php" line="35" assertions="1" time="0.000248"/>
        <testcase name="testGetDefinition with data set #2" class="Drupal\Tests\Component\Plugin\Discovery\DiscoveryCachedTraitTest" classname="Drupal.Tests.Component.Plugin.Discovery.DiscoveryCachedTraitTest" file="/Users/jaspzx/Sites/d95site2/web/core/tests/Drupal/Tests/Component/Plugin/Discovery/DiscoveryCachedTraitTest.php" line="35" assertions="1" time="0.000243"/>
      </testsuite>
    </testsuite>
    <testsuite name="Drupal\Tests\Component\Plugin\Discovery\DiscoveryTraitTest" file="/Users/jaspzx/Sites/d95site2/web/core/tests/Drupal/Tests/Component/Plugin/Discovery/DiscoveryTraitTest.php" tests="8" assertions="13" errors="0" warnings="0" failures="0" skipped="0" time="0.002964">
      <testsuite name="Drupal\Tests\Component\Plugin\Discovery\DiscoveryTraitTest::testDoGetDefinition" tests="2" assertions="2" errors="0" warnings="0" failures="0" skipped="0" time="0.000453">
        <testcase name="testDoGetDefinition with data set #0" class="Drupal\Tests\Component\Plugin\Discovery\DiscoveryTraitTest" classname="Drupal.Tests.Component.Plugin.Discovery.DiscoveryTraitTest" file="/Users/jaspzx/Sites/d95site2/web/core/tests/Drupal/Tests/Component/Plugin/Discovery/DiscoveryTraitTest.php" line="33" assertions="1" time="0.000192"/>
        <testcase name="testDoGetDefinition with data set #1" class="Drupal\Tests\Component\Plugin\Discovery\DiscoveryTraitTest" classname="Drupal.Tests.Component.Plugin.Discovery.DiscoveryTraitTest" file="/Users/jaspzx/Sites/d95site2/web/core/tests/Drupal/Tests/Component/Plugin/Discovery/DiscoveryTraitTest.php" line="33" assertions="1" time="0.000261"/>
      </testsuite>
      <testsuite name="Drupal\Tests\Component\Plugin\Discovery\DiscoveryTraitTest::testDoGetDefinitionException" tests="1" assertions="1" errors="0" warnings="0" failures="0" skipped="0" time="0.000668">
        <testcase name="testDoGetDefinitionException with data set #0" class="Drupal\Tests\Component\Plugin\Discovery\DiscoveryTraitTest" classname="Drupal.Tests.Component.Plugin.Discovery.DiscoveryTraitTest" file="/Users/jaspzx/Sites/d95site2/web/core/tests/Drupal/Tests/Component/Plugin/Discovery/DiscoveryTraitTest.php" line="65" assertions="1" time="0.000668"/>
      </testsuite>
      <testsuite name="Drupal\Tests\Component\Plugin\Discovery\DiscoveryTraitTest::testGetDefinition" tests="2" assertions="4" errors="0" warnings="0" failures="0" skipped="0" time="0.000542">
        <testcase name="testGetDefinition with data set #0" class="Drupal\Tests\Component\Plugin\Discovery\DiscoveryTraitTest" classname="Drupal.Tests.Component.Plugin.Discovery.DiscoveryTraitTest" file="/Users/jaspzx/Sites/d95site2/web/core/tests/Drupal/Tests/Component/Plugin/Discovery/DiscoveryTraitTest.php" line="80" assertions="2" time="0.000290"/>
        <testcase name="testGetDefinition with data set #1" class="Drupal\Tests\Component\Plugin\Discovery\DiscoveryTraitTest" classname="Drupal.Tests.Component.Plugin.Discovery.DiscoveryTraitTest" file="/Users/jaspzx/Sites/d95site2/web/core/tests/Drupal/Tests/Component/Plugin/Discovery/DiscoveryTraitTest.php" line="80" assertions="2" time="0.000251"/>
      </testsuite>
      <testsuite name="Drupal\Tests\Component\Plugin\Discovery\DiscoveryTraitTest::testGetDefinitionException" tests="1" assertions="2" errors="0" warnings="0" failures="0" skipped="0" time="0.000280">
        <testcase name="testGetDefinitionException with data set #0" class="Drupal\Tests\Component\Plugin\Discovery\DiscoveryTraitTest" classname="Drupal.Tests.Component.Plugin.Discovery.DiscoveryTraitTest" file="/Users/jaspzx/Sites/d95site2/web/core/tests/Drupal/Tests/Component/Plugin/Discovery/DiscoveryTraitTest.php" line="100" assertions="2" time="0.000280"/>
      </testsuite>
      <testsuite name="Drupal\Tests\Component\Plugin\Discovery\DiscoveryTraitTest::testHasDefinition" tests="2" assertions="4" errors="0" warnings="0" failures="0" skipped="0" time="0.001022">
        <testcase name="testHasDefinition with data set #0" class="Drupal\Tests\Component\Plugin\Discovery\DiscoveryTraitTest" classname="Drupal.Tests.Component.Plugin.Discovery.DiscoveryTraitTest" file="/Users/jaspzx/Sites/d95site2/web/core/tests/Drupal/Tests/Component/Plugin/Discovery/DiscoveryTraitTest.php" line="131" assertions="2" time="0.000717"/>
        <testcase name="testHasDefinition with data set #1" class="Drupal\Tests\Component\Plugin\Discovery\DiscoveryTraitTest" classname="Drupal.Tests.Component.Plugin.Discovery.DiscoveryTraitTest" file="/Users/jaspzx/Sites/d95site2/web/core/tests/Drupal/Tests/Component/Plugin/Discovery/DiscoveryTraitTest.php" line="131" assertions="2" time="0.000305"/>
      </testsuite>
    </testsuite>
    <testsuite name="Drupal\Tests\Component\Plugin\Discovery\StaticDiscoveryDecoratorTest" file="/Users/jaspzx/Sites/d95site2/web/core/tests/Drupal/Tests/Component/Plugin/Discovery/StaticDiscoveryDecoratorTest.php" tests="8" assertions="18" errors="0" warnings="0" failures="0" skipped="0" time="0.002513">
      <testsuite name="Drupal\Tests\Component\Plugin\Discovery\StaticDiscoveryDecoratorTest::testGetDefinition" tests="4" assertions="9" errors="0" warnings="0" failures="0" skipped="0" time="0.001352">
        <testcase name="testGetDefinition with data set #0" class="Drupal\Tests\Component\Plugin\Discovery\StaticDiscoveryDecoratorTest" classname="Drupal.Tests.Component.Plugin.Discovery.StaticDiscoveryDecoratorTest" file="/Users/jaspzx/Sites/d95site2/web/core/tests/Drupal/Tests/Component/Plugin/Discovery/StaticDiscoveryDecoratorTest.php" line="61" assertions="3" time="0.000873"/>
        <testcase name="testGetDefinition with data set #1" class="Drupal\Tests\Component\Plugin\Discovery\StaticDiscoveryDecoratorTest" classname="Drupal.Tests.Component.Plugin.Discovery.StaticDiscoveryDecoratorTest" file="/Users/jaspzx/Sites/d95site2/web/core/tests/Drupal/Tests/Component/Plugin/Discovery/StaticDiscoveryDecoratorTest.php" line="61" assertions="2" time="0.000165"/>
        <testcase name="testGetDefinition with data set #2" class="Drupal\Tests\Component\Plugin\Discovery\StaticDiscoveryDecoratorTest" classname="Drupal.Tests.Component.Plugin.Discovery.StaticDiscoveryDecoratorTest" file="/Users/jaspzx/Sites/d95site2/web/core/tests/Drupal/Tests/Component/Plugin/Discovery/StaticDiscoveryDecoratorTest.php" line="61" assertions="2" time="0.000155"/>
        <testcase name="testGetDefinition with data set #3" class="Drupal\Tests\Component\Plugin\Discovery\StaticDiscoveryDecoratorTest" classname="Drupal.Tests.Component.Plugin.Discovery.StaticDiscoveryDecoratorTest" file="/Users/jaspzx/Sites/d95site2/web/core/tests/Drupal/Tests/Component/Plugin/Discovery/StaticDiscoveryDecoratorTest.php" line="61" assertions="2" time="0.000159"/>
      </testsuite>
      <testsuite name="Drupal\Tests\Component\Plugin\Discovery\StaticDiscoveryDecoratorTest::testGetDefinitions" tests="2" assertions="5" errors="0" warnings="0" failures="0" skipped="0" time="0.000305">
        <testcase name="testGetDefinitions with data set #0" class="Drupal\Tests\Component\Plugin\Discovery\StaticDiscoveryDecoratorTest" classname="Drupal.Tests.Component.Plugin.Discovery.StaticDiscoveryDecoratorTest" file="/Users/jaspzx/Sites/d95site2/web/core/tests/Drupal/Tests/Component/Plugin/Discovery/StaticDiscoveryDecoratorTest.php" line="131" assertions="3" time="0.000161"/>
        <testcase name="testGetDefinitions with data set #1" class="Drupal\Tests\Component\Plugin\Discovery\StaticDiscoveryDecoratorTest" classname="Drupal.Tests.Component.Plugin.Discovery.StaticDiscoveryDecoratorTest" file="/Users/jaspzx/Sites/d95site2/web/core/tests/Drupal/Tests/Component/Plugin/Discovery/StaticDiscoveryDecoratorTest.php" line="131" assertions="2" time="0.000143"/>
      </testsuite>
      <testsuite name="Drupal\Tests\Component\Plugin\Discovery\StaticDiscoveryDecoratorTest::testCall" tests="2" assertions="4" errors="0" warnings="0" failures="0" skipped="0" time="0.000857">
        <testcase name="testCall with data set #0" class="Drupal\Tests\Component\Plugin\Discovery\StaticDiscoveryDecoratorTest" classname="Drupal.Tests.Component.Plugin.Discovery.StaticDiscoveryDecoratorTest" file="/Users/jaspzx/Sites/d95site2/web/core/tests/Drupal/Tests/Component/Plugin/Discovery/StaticDiscoveryDecoratorTest.php" line="199" assertions="2" time="0.000546"/>
        <testcase name="testCall with data set #1" class="Drupal\Tests\Component\Plugin\Discovery\StaticDiscoveryDecoratorTest" classname="Drupal.Tests.Component.Plugin.Discovery.StaticDiscoveryDecoratorTest" file="/Users/jaspzx/Sites/d95site2/web/core/tests/Drupal/Tests/Component/Plugin/Discovery/StaticDiscoveryDecoratorTest.php" line="199" assertions="2" time="0.000311"/>
      </testsuite>
    </testsuite>
    <testsuite name="Drupal\Tests\Component\Plugin\Factory\ReflectionFactoryTest" file="/Users/jaspzx/Sites/d95site2/web/core/tests/Drupal/Tests/Component/Plugin/Factory/ReflectionFactoryTest.php" tests="12" assertions="18" errors="0" warnings="0" failures="0" skipped="0" time="0.002034">
      <testsuite name="Drupal\Tests\Component\Plugin\Factory\ReflectionFactoryTest::testCreateInstance" tests="6" assertions="12" errors="0" warnings="0" failures="0" skipped="0" time="0.001247">
        <testcase name="testCreateInstance with data set #0" class="Drupal\Tests\Component\Plugin\Factory\ReflectionFactoryTest" classname="Drupal.Tests.Component.Plugin.Factory.ReflectionFactoryTest" file="/Users/jaspzx/Sites/d95site2/web/core/tests/Drupal/Tests/Component/Plugin/Factory/ReflectionFactoryTest.php" line="88" assertions="2" time="0.000476"/>
        <testcase name="testCreateInstance with data set #1" class="Drupal\Tests\Component\Plugin\Factory\ReflectionFactoryTest" classname="Drupal.Tests.Component.Plugin.Factory.ReflectionFactoryTest" file="/Users/jaspzx/Sites/d95site2/web/core/tests/Drupal/Tests/Component/Plugin/Factory/ReflectionFactoryTest.php" line="88" assertions="2" time="0.000170"/>
        <testcase name="testCreateInstance with data set #2" class="Drupal\Tests\Component\Plugin\Factory\ReflectionFactoryTest" classname="Drupal.Tests.Component.Plugin.Factory.ReflectionFactoryTest" file="/Users/jaspzx/Sites/d95site2/web/core/tests/Drupal/Tests/Component/Plugin/Factory/ReflectionFactoryTest.php" line="88" assertions="2" time="0.000167"/>
        <testcase name="testCreateInstance with data set #3" class="Drupal\Tests\Component\Plugin\Factory\ReflectionFactoryTest" classname="Drupal.Tests.Component.Plugin.Factory.ReflectionFactoryTest" file="/Users/jaspzx/Sites/d95site2/web/core/tests/Drupal/Tests/Component/Plugin/Factory/ReflectionFactoryTest.php" line="88" assertions="2" time="0.000148"/>
        <testcase name="testCreateInstance with data set #4" class="Drupal\Tests\Component\Plugin\Factory\ReflectionFactoryTest" classname="Drupal.Tests.Component.Plugin.Factory.ReflectionFactoryTest" file="/Users/jaspzx/Sites/d95site2/web/core/tests/Drupal/Tests/Component/Plugin/Factory/ReflectionFactoryTest.php" line="88" assertions="2" time="0.000144"/>
        <testcase name="testCreateInstance with data set #5" class="Drupal\Tests\Component\Plugin\Factory\ReflectionFactoryTest" classname="Drupal.Tests.Component.Plugin.Factory.ReflectionFactoryTest" file="/Users/jaspzx/Sites/d95site2/web/core/tests/Drupal/Tests/Component/Plugin/Factory/ReflectionFactoryTest.php" line="88" assertions="2" time="0.000142"/>
      </testsuite>
      <testsuite name="Drupal\Tests\Component\Plugin\Factory\ReflectionFactoryTest::testGetInstanceArguments" tests="6" assertions="6" errors="0" warnings="0" failures="0" skipped="0" time="0.000787">
        <testcase name="testGetInstanceArguments with data set #0" class="Drupal\Tests\Component\Plugin\Factory\ReflectionFactoryTest" classname="Drupal.Tests.Component.Plugin.Factory.ReflectionFactoryTest" file="/Users/jaspzx/Sites/d95site2/web/core/tests/Drupal/Tests/Component/Plugin/Factory/ReflectionFactoryTest.php" line="113" assertions="1" time="0.000296"/>
        <testcase name="testGetInstanceArguments with data set #1" class="Drupal\Tests\Component\Plugin\Factory\ReflectionFactoryTest" classname="Drupal.Tests.Component.Plugin.Factory.ReflectionFactoryTest" file="/Users/jaspzx/Sites/d95site2/web/core/tests/Drupal/Tests/Component/Plugin/Factory/ReflectionFactoryTest.php" line="113" assertions="1" time="0.000098"/>
        <testcase name="testGetInstanceArguments with data set #2" class="Drupal\Tests\Component\Plugin\Factory\ReflectionFactoryTest" classname="Drupal.Tests.Component.Plugin.Factory.ReflectionFactoryTest" file="/Users/jaspzx/Sites/d95site2/web/core/tests/Drupal/Tests/Component/Plugin/Factory/ReflectionFactoryTest.php" line="113" assertions="1" time="0.000101"/>
        <testcase name="testGetInstanceArguments with data set #3" class="Drupal\Tests\Component\Plugin\Factory\ReflectionFactoryTest" classname="Drupal.Tests.Component.Plugin.Factory.ReflectionFactoryTest" file="/Users/jaspzx/Sites/d95site2/web/core/tests/Drupal/Tests/Component/Plugin/Factory/ReflectionFactoryTest.php" line="113" assertions="1" time="0.000092"/>
        <testcase name="testGetInstanceArguments with data set #4" class="Drupal\Tests\Component\Plugin\Factory\ReflectionFactoryTest" classname="Drupal.Tests.Component.Plugin.Factory.ReflectionFactoryTest" file="/Users/jaspzx/Sites/d95site2/web/core/tests/Drupal/Tests/Component/Plugin/Factory/ReflectionFactoryTest.php" line="113" assertions="1" time="0.000097"/>
        <testcase name="testGetInstanceArguments with data set #5" class="Drupal\Tests\Component\Plugin\Factory\ReflectionFactoryTest" classname="Drupal.Tests.Component.Plugin.Factory.ReflectionFactoryTest" file="/Users/jaspzx/Sites/d95site2/web/core/tests/Drupal/Tests/Component/Plugin/Factory/ReflectionFactoryTest.php" line="113" assertions="1" time="0.000103"/>
      </testsuite>
    </testsuite>
    <testsuite name="Drupal\Tests\Component\Plugin\PluginBaseTest" file="/Users/jaspzx/Sites/d95site2/web/core/tests/Drupal/Tests/Component/Plugin/PluginBaseTest.php" tests="7" assertions="7" errors="0" warnings="0" failures="0" skipped="0" time="0.000658">
      <testsuite name="Drupal\Tests\Component\Plugin\PluginBaseTest::testGetPluginId" tests="2" assertions="2" errors="0" warnings="0" failures="0" skipped="0" time="0.000202">
        <testcase name="testGetPluginId with data set #0" class="Drupal\Tests\Component\Plugin\PluginBaseTest" classname="Drupal.Tests.Component.Plugin.PluginBaseTest" file="/Users/jaspzx/Sites/d95site2/web/core/tests/Drupal/Tests/Component/Plugin/PluginBaseTest.php" line="17" assertions="1" time="0.000146"/>
        <testcase name="testGetPluginId with data set #1" class="Drupal\Tests\Component\Plugin\PluginBaseTest" classname="Drupal.Tests.Component.Plugin.PluginBaseTest" file="/Users/jaspzx/Sites/d95site2/web/core/tests/Drupal/Tests/Component/Plugin/PluginBaseTest.php" line="17" assertions="1" time="0.000056"/>
      </testsuite>
      <testsuite name="Drupal\Tests\Component\Plugin\PluginBaseTest::testGetBaseId" tests="2" assertions="2" errors="0" warnings="0" failures="0" skipped="0" time="0.000221">
        <testcase name="testGetBaseId with data set #0" class="Drupal\Tests\Component\Plugin\PluginBaseTest" classname="Drupal.Tests.Component.Plugin.PluginBaseTest" file="/Users/jaspzx/Sites/d95site2/web/core/tests/Drupal/Tests/Component/Plugin/PluginBaseTest.php" line="43" assertions="1" time="0.000125"/>
        <testcase name="testGetBaseId with data set #1" class="Drupal\Tests\Component\Plugin\PluginBaseTest" classname="Drupal.Tests.Component.Plugin.PluginBaseTest" file="/Users/jaspzx/Sites/d95site2/web/core/tests/Drupal/Tests/Component/Plugin/PluginBaseTest.php" line="43" assertions="1" time="0.000096"/>
      </testsuite>
      <testsuite name="Drupal\Tests\Component\Plugin\PluginBaseTest::testGetDerivativeId" tests="2" assertions="2" errors="0" warnings="0" failures="0" skipped="0" time="0.000159">
        <testcase name="testGetDerivativeId with data set #0" class="Drupal\Tests\Component\Plugin\PluginBaseTest" classname="Drupal.Tests.Component.Plugin.PluginBaseTest" file="/Users/jaspzx/Sites/d95site2/web/core/tests/Drupal/Tests/Component/Plugin/PluginBaseTest.php" line="70" assertions="1" time="0.000095"/>
        <testcase name="testGetDerivativeId with data set #1" class="Drupal\Tests\Component\Plugin\PluginBaseTest" classname="Drupal.Tests.Component.Plugin.PluginBaseTest" file="/Users/jaspzx/Sites/d95site2/web/core/tests/Drupal/Tests/Component/Plugin/PluginBaseTest.php" line="70" assertions="1" time="0.000065"/>
      </testsuite>
      <testcase name="testGetPluginDefinition" class="Drupal\Tests\Component\Plugin\PluginBaseTest" classname="Drupal.Tests.Component.Plugin.PluginBaseTest" file="/Users/jaspzx/Sites/d95site2/web/core/tests/Drupal/Tests/Component/Plugin/PluginBaseTest.php" line="96" assertions="1" time="0.000076"/>
    </testsuite>
    <testsuite name="Drupal\Tests\Component\Plugin\PluginManagerBaseTest" file="/Users/jaspzx/Sites/d95site2/web/core/tests/Drupal/Tests/Component/Plugin/PluginManagerBaseTest.php" tests="4" assertions="13" errors="0" warnings="0" failures="0" skipped="0" time="0.001731">
      <testcase name="testCreateInstance" class="Drupal\Tests\Component\Plugin\PluginManagerBaseTest" classname="Drupal.Tests.Component.Plugin.PluginManagerBaseTest" file="/Users/jaspzx/Sites/d95site2/web/core/tests/Drupal/Tests/Component/Plugin/PluginManagerBaseTest.php" line="53" assertions="3" time="0.000313"/>
      <testcase name="testCreateInstanceFallback" class="Drupal\Tests\Component\Plugin\PluginManagerBaseTest" classname="Drupal.Tests.Component.Plugin.PluginManagerBaseTest" file="/Users/jaspzx/Sites/d95site2/web/core/tests/Drupal/Tests/Component/Plugin/PluginManagerBaseTest.php" line="74" assertions="6" time="0.000660"/>
      <testcase name="testGetInstance" class="Drupal\Tests\Component\Plugin\PluginManagerBaseTest" classname="Drupal.Tests.Component.Plugin.PluginManagerBaseTest" file="/Users/jaspzx/Sites/d95site2/web/core/tests/Drupal/Tests/Component/Plugin/PluginManagerBaseTest.php" line="101" assertions="2" time="0.000651"/>
      <testcase name="testGetInstanceWithoutMapperShouldThrowException" class="Drupal\Tests\Component\Plugin\PluginManagerBaseTest" classname="Drupal.Tests.Component.Plugin.PluginManagerBaseTest" file="/Users/jaspzx/Sites/d95site2/web/core/tests/Drupal/Tests/Component/Plugin/PluginManagerBaseTest.php" line="118" assertions="2" time="0.000107"/>
    </testsuite>
    <testsuite name="Drupal\Tests\Core\Plugin\CategorizingPluginManagerTraitTest" file="/Users/jaspzx/Sites/d95site2/web/core/tests/Drupal/Tests/Core/Plugin/CategorizingPluginManagerTraitTest.php" tests="4" assertions="8" errors="0" warnings="0" failures="0" skipped="0" time="0.003863">
      <testcase name="testGetCategories" class="Drupal\Tests\Core\Plugin\CategorizingPluginManagerTraitTest" classname="Drupal.Tests.Core.Plugin.CategorizingPluginManagerTraitTest" file="/Users/jaspzx/Sites/d95site2/web/core/tests/Drupal/Tests/Core/Plugin/CategorizingPluginManagerTraitTest.php" line="49" assertions="1" time="0.002855"/>
      <testcase name="testGetSortedDefinitions" class="Drupal\Tests\Core\Plugin\CategorizingPluginManagerTraitTest" classname="Drupal.Tests.Core.Plugin.CategorizingPluginManagerTraitTest" file="/Users/jaspzx/Sites/d95site2/web/core/tests/Drupal/Tests/Core/Plugin/CategorizingPluginManagerTraitTest.php" line="59" assertions="1" time="0.000393"/>
      <testcase name="testGetGroupedDefinitions" class="Drupal\Tests\Core\Plugin\CategorizingPluginManagerTraitTest" classname="Drupal.Tests.Core.Plugin.CategorizingPluginManagerTraitTest" file="/Users/jaspzx/Sites/d95site2/web/core/tests/Drupal/Tests/Core/Plugin/CategorizingPluginManagerTraitTest.php" line="67" assertions="3" time="0.000242"/>
      <testcase name="testProcessDefinitionCategory" class="Drupal\Tests\Core\Plugin\CategorizingPluginManagerTraitTest" classname="Drupal.Tests.Core.Plugin.CategorizingPluginManagerTraitTest" file="/Users/jaspzx/Sites/d95site2/web/core/tests/Drupal/Tests/Core/Plugin/CategorizingPluginManagerTraitTest.php" line="77" assertions="3" time="0.000373"/>
    </testsuite>
    <testsuite name="Drupal\Tests\Core\Plugin\Context\ContextDefinitionIsSatisfiedTest" file="/Users/jaspzx/Sites/d95site2/web/core/tests/Drupal/Tests/Core/Plugin/Context/ContextDefinitionIsSatisfiedTest.php" tests="9" assertions="9" errors="0" warnings="0" failures="0" skipped="0" time="0.037308">
      <testsuite name="Drupal\Tests\Core\Plugin\Context\ContextDefinitionIsSatisfiedTest::testIsSatisfiedBy" tests="9" assertions="9" errors="0" warnings="0" failures="0" skipped="0" time="0.037308">
        <testcase name="testIsSatisfiedBy with data set &quot;both any&quot;" class="Drupal\Tests\Core\Plugin\Context\ContextDefinitionIsSatisfiedTest" classname="Drupal.Tests.Core.Plugin.Context.ContextDefinitionIsSatisfiedTest" file="/Users/jaspzx/Sites/d95site2/web/core/tests/Drupal/Tests/Core/Plugin/Context/ContextDefinitionIsSatisfiedTest.php" line="75" assertions="1" time="0.012684"/>
        <testcase name="testIsSatisfiedBy with data set &quot;requirement any&quot;" class="Drupal\Tests\Core\Plugin\Context\ContextDefinitionIsSatisfiedTest" classname="Drupal.Tests.Core.Plugin.Context.ContextDefinitionIsSatisfiedTest" file="/Users/jaspzx/Sites/d95site2/web/core/tests/Drupal/Tests/Core/Plugin/Context/ContextDefinitionIsSatisfiedTest.php" line="75" assertions="1" time="0.001938"/>
        <testcase name="testIsSatisfiedBy with data set &quot;integer, out of range&quot;" class="Drupal\Tests\Core\Plugin\Context\ContextDefinitionIsSatisfiedTest" classname="Drupal.Tests.Core.Plugin.Context.ContextDefinitionIsSatisfiedTest" file="/Users/jaspzx/Sites/d95site2/web/core/tests/Drupal/Tests/Core/Plugin/Context/ContextDefinitionIsSatisfiedTest.php" line="75" assertions="1" time="0.009283"/>
        <testcase name="testIsSatisfiedBy with data set &quot;integer, within range&quot;" class="Drupal\Tests\Core\Plugin\Context\ContextDefinitionIsSatisfiedTest" classname="Drupal.Tests.Core.Plugin.Context.ContextDefinitionIsSatisfiedTest" file="/Users/jaspzx/Sites/d95site2/web/core/tests/Drupal/Tests/Core/Plugin/Context/ContextDefinitionIsSatisfiedTest.php" line="75" assertions="1" time="0.003754"/>
        <testcase name="testIsSatisfiedBy with data set &quot;integer, no value&quot;" class="Drupal\Tests\Core\Plugin\Context\ContextDefinitionIsSatisfiedTest" classname="Drupal.Tests.Core.Plugin.Context.ContextDefinitionIsSatisfiedTest" file="/Users/jaspzx/Sites/d95site2/web/core/tests/Drupal/Tests/Core/Plugin/Context/ContextDefinitionIsSatisfiedTest.php" line="75" assertions="1" time="0.003474"/>
        <testcase name="testIsSatisfiedBy with data set &quot;non-integer, within range&quot;" class="Drupal\Tests\Core\Plugin\Context\ContextDefinitionIsSatisfiedTest" classname="Drupal.Tests.Core.Plugin.Context.ContextDefinitionIsSatisfiedTest" file="/Users/jaspzx/Sites/d95site2/web/core/tests/Drupal/Tests/Core/Plugin/Context/ContextDefinitionIsSatisfiedTest.php" line="75" assertions="1" time="0.002083"/>
        <testcase name="testIsSatisfiedBy with data set &quot;both any, inherited context requirement definition&quot;" class="Drupal\Tests\Core\Plugin\Context\ContextDefinitionIsSatisfiedTest" classname="Drupal.Tests.Core.Plugin.Context.ContextDefinitionIsSatisfiedTest" file="/Users/jaspzx/Sites/d95site2/web/core/tests/Drupal/Tests/Core/Plugin/Context/ContextDefinitionIsSatisfiedTest.php" line="75" assertions="1" time="0.001825"/>
        <testcase name="testIsSatisfiedBy with data set &quot;specific definition, generic requirement&quot;" class="Drupal\Tests\Core\Plugin\Context\ContextDefinitionIsSatisfiedTest" classname="Drupal.Tests.Core.Plugin.Context.ContextDefinitionIsSatisfiedTest" file="/Users/jaspzx/Sites/d95site2/web/core/tests/Drupal/Tests/Core/Plugin/Context/ContextDefinitionIsSatisfiedTest.php" line="75" assertions="1" time="0.002036"/>
[...]
      <testcase name="testGetDerivativeFetcher" class="Drupal\Tests\Core\Plugin\Discovery\DerivativeDiscoveryDecoratorTest" classname="Drupal.Tests.Core.Plugin.Discovery.DerivativeDiscoveryDecoratorTest" file="/Users/jaspzx/Sites/d95site2/web/core/tests/Drupal/Tests/Core/Plugin/Discovery/DerivativeDiscoveryDecoratorTest.php" line="38" assertions="5" time="0.000144"/>
      <testcase name="testGetDerivativeFetcherWithAnnotationObjects" class="Drupal\Tests\Core\Plugin\Discovery\DerivativeDiscoveryDecoratorTest" classname="Drupal.Tests.Core.Plugin.Discovery.DerivativeDiscoveryDecoratorTest" file="/Users/jaspzx/Sites/d95site2/web/core/tests/Drupal/Tests/Core/Plugin/Discovery/DerivativeDiscoveryDecoratorTest.php" line="64" assertions="7" time="0.000370"/>
      <testcase name="testGetDeriverClassWithClassedDefinitions" class="Drupal\Tests\Core\Plugin\Discovery\DerivativeDiscoveryDecoratorTest" classname="Drupal.Tests.Core.Plugin.Discovery.DerivativeDiscoveryDecoratorTest" file="/Users/jaspzx/Sites/d95site2/web/core/tests/Drupal/Tests/Core/Plugin/Discovery/DerivativeDiscoveryDecoratorTest.php" line="94" assertions="2" time="0.001205"/>
      <testcase name="testGetDeriverClassWithInvalidClassedDefinitions" class="Drupal\Tests\Core\Plugin\Discovery\DerivativeDiscoveryDecoratorTest" classname="Drupal.Tests.Core.Plugin.Discovery.DerivativeDiscoveryDecoratorTest" file="/Users/jaspzx/Sites/d95site2/web/core/tests/Drupal/Tests/Core/Plugin/Discovery/DerivativeDiscoveryDecoratorTest.php" line="116" assertions="2" time="0.000669"/>
      <testcase name="testNonExistentDerivativeFetcher" class="Drupal\Tests\Core\Plugin\Discovery\DerivativeDiscoveryDecoratorTest" classname="Drupal.Tests.Core.Plugin.Discovery.DerivativeDiscoveryDecoratorTest" file="/Users/jaspzx/Sites/d95site2/web/core/tests/Drupal/Tests/Core/Plugin/Discovery/DerivativeDiscoveryDecoratorTest.php" line="139" assertions="2" time="0.000186"/>
      <testcase name="testInvalidDerivativeFetcher" class="Drupal\Tests\Core\Plugin\Discovery\DerivativeDiscoveryDecoratorTest" classname="Drupal.Tests.Core.Plugin.Discovery.DerivativeDiscoveryDecoratorTest" file="/Users/jaspzx/Sites/d95site2/web/core/tests/Drupal/Tests/Core/Plugin/Discovery/DerivativeDiscoveryDecoratorTest.php" line="161" assertions="2" time="0.000354"/>
      <testcase name="testExistingDerivative" class="Drupal\Tests\Core\Plugin\Discovery\DerivativeDiscoveryDecoratorTest" classname="Drupal.Tests.Core.Plugin.Discovery.DerivativeDiscoveryDecoratorTest" file="/Users/jaspzx/Sites/d95site2/web/core/tests/Drupal/Tests/Core/Plugin/Discovery/DerivativeDiscoveryDecoratorTest.php" line="181" assertions="2" time="0.000261"/>
      <testcase name="testSingleExistingDerivative" class="Drupal\Tests\Core\Plugin\Discovery\DerivativeDiscoveryDecoratorTest" classname="Drupal.Tests.Core.Plugin.Discovery.DerivativeDiscoveryDecoratorTest" file="/Users/jaspzx/Sites/d95site2/web/core/tests/Drupal/Tests/Core/Plugin/Discovery/DerivativeDiscoveryDecoratorTest.php" line="221" assertions="2" time="0.000850"/>
    </testsuite>
    <testsuite name="Drupal\Tests\Core\Plugin\Discovery\HookDiscoveryTest" file="/Users/jaspzx/Sites/d95site2/web/core/tests/Drupal/Tests/Core/Plugin/Discovery/HookDiscoveryTest.php" tests="4" assertions="18" errors="0" warnings="0" failures="0" skipped="0" time="0.001041">
      <testcase name="testGetDefinitionsWithoutPlugins" class="Drupal\Tests\Core\Plugin\Discovery\HookDiscoveryTest" classname="Drupal.Tests.Core.Plugin.Discovery.HookDiscoveryTest" file="/Users/jaspzx/Sites/d95site2/web/core/tests/Drupal/Tests/Core/Plugin/Discovery/HookDiscoveryTest.php" line="42" assertions="1" time="0.000411"/>
      <testcase name="testGetDefinitions" class="Drupal\Tests\Core\Plugin\Discovery\HookDiscoveryTest" classname="Drupal.Tests.Core.Plugin.Discovery.HookDiscoveryTest" file="/Users/jaspzx/Sites/d95site2/web/core/tests/Drupal/Tests/Core/Plugin/Discovery/HookDiscoveryTest.php" line="51" assertions="8" time="0.000252"/>
      <testcase name="testGetDefinition" class="Drupal\Tests\Core\Plugin\Discovery\HookDiscoveryTest" classname="Drupal.Tests.Core.Plugin.Discovery.HookDiscoveryTest" file="/Users/jaspzx/Sites/d95site2/web/core/tests/Drupal/Tests/Core/Plugin/Discovery/HookDiscoveryTest.php" line="80" assertions="8" time="0.000223"/>
      <testcase name="testGetDefinitionWithUnknownID" class="Drupal\Tests\Core\Plugin\Discovery\HookDiscoveryTest" classname="Drupal.Tests.Core.Plugin.Discovery.HookDiscoveryTest" file="/Users/jaspzx/Sites/d95site2/web/core/tests/Drupal/Tests/Core/Plugin/Discovery/HookDiscoveryTest.php" line="109" assertions="1" time="0.000154"/>
    </testsuite>
    <testsuite name="Drupal\Tests\Core\Plugin\Discovery\YamlDirectoryDiscoveryTest" file="/Users/jaspzx/Sites/d95site2/web/core/tests/Drupal/Tests/Core/Plugin/Discovery/YamlDirectoryDiscoveryTest.php" tests="2" assertions="27" errors="0" warnings="0" failures="0" skipped="0" time="0.002088">
      <testcase name="testGetDefinitions" class="Drupal\Tests\Core\Plugin\Discovery\YamlDirectoryDiscoveryTest" classname="Drupal.Tests.Core.Plugin.Discovery.YamlDirectoryDiscoveryTest" file="/Users/jaspzx/Sites/d95site2/web/core/tests/Drupal/Tests/Core/Plugin/Discovery/YamlDirectoryDiscoveryTest.php" line="21" assertions="22" time="0.001673"/>
      <testcase name="testGetDefinitionsWithTranslatableDefinitions" class="Drupal\Tests\Core\Plugin\Discovery\YamlDirectoryDiscoveryTest" classname="Drupal.Tests.Core.Plugin.Discovery.YamlDirectoryDiscoveryTest" file="/Users/jaspzx/Sites/d95site2/web/core/tests/Drupal/Tests/Core/Plugin/Discovery/YamlDirectoryDiscoveryTest.php" line="69" assertions="5" time="0.000415"/>
    </testsuite>
    <testsuite name="Drupal\Tests\Core\Plugin\Discovery\YamlDiscoveryDecoratorTest" file="/Users/jaspzx/Sites/d95site2/web/core/tests/Drupal/Tests/Core/Plugin/Discovery/YamlDiscoveryDecoratorTest.php" tests="1" assertions="39" errors="0" warnings="0" failures="0" skipped="0" time="0.001057">
      <testcase name="testGetDefinitions" class="Drupal\Tests\Core\Plugin\Discovery\YamlDiscoveryDecoratorTest" classname="Drupal.Tests.Core.Plugin.Discovery.YamlDiscoveryDecoratorTest" file="/Users/jaspzx/Sites/d95site2/web/core/tests/Drupal/Tests/Core/Plugin/Discovery/YamlDiscoveryDecoratorTest.php" line="73" assertions="39" time="0.001057"/>
    </testsuite>
    <testsuite name="Drupal\Tests\Core\Plugin\Discovery\YamlDiscoveryTest" file="/Users/jaspzx/Sites/d95site2/web/core/tests/Drupal/Tests/Core/Plugin/Discovery/YamlDiscoveryTest.php" tests="3" assertions="35" errors="0" warnings="0" failures="0" skipped="0" time="0.001584">
      <testcase name="testGetDefinitions" class="Drupal\Tests\Core\Plugin\Discovery\YamlDiscoveryTest" classname="Drupal.Tests.Core.Plugin.Discovery.YamlDiscoveryTest" file="/Users/jaspzx/Sites/d95site2/web/core/tests/Drupal/Tests/Core/Plugin/Discovery/YamlDiscoveryTest.php" line="54" assertions="26" time="0.000292"/>
      <testcase name="testGetDefinitionsWithTranslatableDefinitions" class="Drupal\Tests\Core\Plugin\Discovery\YamlDiscoveryTest" classname="Drupal.Tests.Core.Plugin.Discovery.YamlDiscoveryTest" file="/Users/jaspzx/Sites/d95site2/web/core/tests/Drupal/Tests/Core/Plugin/Discovery/YamlDiscoveryTest.php" line="76" assertions="5" time="0.000404"/>
      <testcase name="testGetDefinition" class="Drupal\Tests\Core\Plugin\Discovery\YamlDiscoveryTest" classname="Drupal.Tests.Core.Plugin.Discovery.YamlDiscoveryTest" file="/Users/jaspzx/Sites/d95site2/web/core/tests/Drupal/Tests/Core/Plugin/Discovery/YamlDiscoveryTest.php" line="114" assertions="4" time="0.000889"/>
    </testsuite>
    <testsuite name="Drupal\Tests\Core\Plugin\FilteredPluginManagerTraitTest" file="/Users/jaspzx/Sites/d95site2/web/core/tests/Drupal/Tests/Core/Plugin/FilteredPluginManagerTraitTest.php" tests="3" assertions="9" errors="0" warnings="0" failures="0" skipped="0" time="0.002181">
      <testsuite name="Drupal\Tests\Core\Plugin\FilteredPluginManagerTraitTest::testGetFilteredDefinitions" tests="3" assertions="9" errors="0" warnings="0" failures="0" skipped="0" time="0.002181">
        <testcase name="testGetFilteredDefinitions with data set &quot;populated context&quot;" class="Drupal\Tests\Core\Plugin\FilteredPluginManagerTraitTest" classname="Drupal.Tests.Core.Plugin.FilteredPluginManagerTraitTest" file="/Users/jaspzx/Sites/d95site2/web/core/tests/Drupal/Tests/Core/Plugin/FilteredPluginManagerTraitTest.php" line="23" assertions="3" time="0.001347"/>
        <testcase name="testGetFilteredDefinitions with data set &quot;empty context&quot;" class="Drupal\Tests\Core\Plugin\FilteredPluginManagerTraitTest" classname="Drupal.Tests.Core.Plugin.FilteredPluginManagerTraitTest" file="/Users/jaspzx/Sites/d95site2/web/core/tests/Drupal/Tests/Core/Plugin/FilteredPluginManagerTraitTest.php" line="23" assertions="3" time="0.000438"/>
        <testcase name="testGetFilteredDefinitions with data set &quot;null context&quot;" class="Drupal\Tests\Core\Plugin\FilteredPluginManagerTraitTest" classname="Drupal.Tests.Core.Plugin.FilteredPluginManagerTraitTest" file="/Users/jaspzx/Sites/d95site2/web/core/tests/Drupal/Tests/Core/Plugin/FilteredPluginManagerTraitTest.php" line="23" assertions="3" time="0.000396"/>
      </testsuite>
    </testsuite>
    <testsuite name="Drupal\Tests\Core\Plugin\PluginDependencyTraitTest" file="/Users/jaspzx/Sites/d95site2/web/core/tests/Drupal/Tests/Core/Plugin/PluginDependencyTraitTest.php" tests="12" assertions="18" errors="0" warnings="0" failures="0" skipped="0" time="0.005252">
      <testsuite name="Drupal\Tests\Core\Plugin\PluginDependencyTraitTest::testGetPluginDependencies" tests="6" assertions="12" errors="0" warnings="0" failures="0" skipped="0" time="0.003055">
        <testcase name="testGetPluginDependencies with data set &quot;dependent_plugin_from_module&quot;" class="Drupal\Tests\Core\Plugin\PluginDependencyTraitTest" classname="Drupal.Tests.Core.Plugin.PluginDependencyTraitTest" file="/Users/jaspzx/Sites/d95site2/web/core/tests/Drupal/Tests/Core/Plugin/PluginDependencyTraitTest.php" line="26" assertions="2" time="0.001135"/>
        <testcase name="testGetPluginDependencies with data set &quot;dependent_plugin_from_core&quot;" class="Drupal\Tests\Core\Plugin\PluginDependencyTraitTest" classname="Drupal.Tests.Core.Plugin.PluginDependencyTraitTest" file="/Users/jaspzx/Sites/d95site2/web/core/tests/Drupal/Tests/Core/Plugin/PluginDependencyTraitTest.php" line="26" assertions="2" time="0.000401"/>
        <testcase name="testGetPluginDependencies with data set &quot;dependent_plugin_from_theme&quot;" class="Drupal\Tests\Core\Plugin\PluginDependencyTraitTest" classname="Drupal.Tests.Core.Plugin.PluginDependencyTraitTest" file="/Users/jaspzx/Sites/d95site2/web/core/tests/Drupal/Tests/Core/Plugin/PluginDependencyTraitTest.php" line="26" assertions="2" time="0.000412"/>
        <testcase name="testGetPluginDependencies with data set &quot;array_with_config_dependencies&quot;" class="Drupal\Tests\Core\Plugin\PluginDependencyTraitTest" classname="Drupal.Tests.Core.Plugin.PluginDependencyTraitTest" file="/Users/jaspzx/Sites/d95site2/web/core/tests/Drupal/Tests/Core/Plugin/PluginDependencyTraitTest.php" line="26" assertions="2" time="0.000366"/>
        <testcase name="testGetPluginDependencies with data set &quot;object_definition&quot;" class="Drupal\Tests\Core\Plugin\PluginDependencyTraitTest" classname="Drupal.Tests.Core.Plugin.PluginDependencyTraitTest" file="/Users/jaspzx/Sites/d95site2/web/core/tests/Drupal/Tests/Core/Plugin/PluginDependencyTraitTest.php" line="26" assertions="2" time="0.000361"/>
        <testcase name="testGetPluginDependencies with data set &quot;dependent_object_definition&quot;" class="Drupal\Tests\Core\Plugin\PluginDependencyTraitTest" classname="Drupal.Tests.Core.Plugin.PluginDependencyTraitTest" file="/Users/jaspzx/Sites/d95site2/web/core/tests/Drupal/Tests/Core/Plugin/PluginDependencyTraitTest.php" line="26" assertions="2" time="0.000381"/>
      </testsuite>
      <testsuite name="Drupal\Tests\Core\Plugin\PluginDependencyTraitTest::testCalculatePluginDependencies" tests="6" assertions="6" errors="0" warnings="0" failures="0" skipped="0" time="0.002196">
        <testcase name="testCalculatePluginDependencies with data set &quot;dependent_plugin_from_module&quot;" class="Drupal\Tests\Core\Plugin\PluginDependencyTraitTest" classname="Drupal.Tests.Core.Plugin.PluginDependencyTraitTest" file="/Users/jaspzx/Sites/d95site2/web/core/tests/Drupal/Tests/Core/Plugin/PluginDependencyTraitTest.php" line="58" assertions="1" time="0.000351"/>
        <testcase name="testCalculatePluginDependencies with data set &quot;dependent_plugin_from_core&quot;" class="Drupal\Tests\Core\Plugin\PluginDependencyTraitTest" classname="Drupal.Tests.Core.Plugin.PluginDependencyTraitTest" file="/Users/jaspzx/Sites/d95site2/web/core/tests/Drupal/Tests/Core/Plugin/PluginDependencyTraitTest.php" line="58" assertions="1" time="0.000343"/>
        <testcase name="testCalculatePluginDependencies with data set &quot;dependent_plugin_from_theme&quot;" class="Drupal\Tests\Core\Plugin\PluginDependencyTraitTest" classname="Drupal.Tests.Core.Plugin.PluginDependencyTraitTest" file="/Users/jaspzx/Sites/d95site2/web/core/tests/Drupal/Tests/Core/Plugin/PluginDependencyTraitTest.php" line="58" assertions="1" time="0.000348"/>
        <testcase name="testCalculatePluginDependencies with data set &quot;array_with_config_dependencies&quot;" class="Drupal\Tests\Core\Plugin\PluginDependencyTraitTest" classname="Drupal.Tests.Core.Plugin.PluginDependencyTraitTest" file="/Users/jaspzx/Sites/d95site2/web/core/tests/Drupal/Tests/Core/Plugin/PluginDependencyTraitTest.php" line="58" assertions="1" time="0.000338"/>
        <testcase name="testCalculatePluginDependencies with data set &quot;object_definition&quot;" class="Drupal\Tests\Core\Plugin\PluginDependencyTraitTest" classname="Drupal.Tests.Core.Plugin.PluginDependencyTraitTest" file="/Users/jaspzx/Sites/d95site2/web/core/tests/Drupal/Tests/Core/Plugin/PluginDependencyTraitTest.php" line="58" assertions="1" time="0.000429"/>
        <testcase name="testCalculatePluginDependencies with data set &quot;dependent_object_definition&quot;" class="Drupal\Tests\Core\Plugin\PluginDependencyTraitTest" classname="Drupal.Tests.Core.Plugin.PluginDependencyTraitTest" file="/Users/jaspzx/Sites/d95site2/web/core/tests/Drupal/Tests/Core/Plugin/PluginDependencyTraitTest.php" line="58" assertions="1" time="0.000387"/>
      </testsuite>
    </testsuite>
    <testsuite name="Drupal\Tests\Core\Plugin\PluginFormFactoryTest" file="/Users/jaspzx/Sites/d95site2/web/core/tests/Drupal/Tests/Core/Plugin/PluginFormFactoryTest.php" tests="7" assertions="13" errors="0" warnings="0" failures="0" skipped="0" time="0.003659">
      <testcase name="testCreateInstance" class="Drupal\Tests\Core\Plugin\PluginFormFactoryTest" classname="Drupal.Tests.Core.Plugin.PluginFormFactoryTest" file="/Users/jaspzx/Sites/d95site2/web/core/tests/Drupal/Tests/Core/Plugin/PluginFormFactoryTest.php" line="47" assertions="1" time="0.001058"/>
      <testcase name="testCreateInstanceUsingPlugin" class="Drupal\Tests\Core\Plugin\PluginFormFactoryTest" classname="Drupal.Tests.Core.Plugin.PluginFormFactoryTest" file="/Users/jaspzx/Sites/d95site2/web/core/tests/Drupal/Tests/Core/Plugin/PluginFormFactoryTest.php" line="64" assertions="2" time="0.000828"/>
      <testcase name="testCreateInstanceUsingPluginWithSlashes" class="Drupal\Tests\Core\Plugin\PluginFormFactoryTest" classname="Drupal.Tests.Core.Plugin.PluginFormFactoryTest" file="/Users/jaspzx/Sites/d95site2/web/core/tests/Drupal/Tests/Core/Plugin/PluginFormFactoryTest.php" line="78" assertions="2" time="0.000205"/>
      <testcase name="testCreateInstanceDefaultFallback" class="Drupal\Tests\Core\Plugin\PluginFormFactoryTest" classname="Drupal.Tests.Core.Plugin.PluginFormFactoryTest" file="/Users/jaspzx/Sites/d95site2/web/core/tests/Drupal/Tests/Core/Plugin/PluginFormFactoryTest.php" line="92" assertions="2" time="0.000304"/>
      <testcase name="testCreateInstancePluginAware" class="Drupal\Tests\Core\Plugin\PluginFormFactoryTest" classname="Drupal.Tests.Core.Plugin.PluginFormFactoryTest" file="/Users/jaspzx/Sites/d95site2/web/core/tests/Drupal/Tests/Core/Plugin/PluginFormFactoryTest.php" line="107" assertions="2" time="0.000709"/>
      <testcase name="testCreateInstanceDefinitionException" class="Drupal\Tests\Core\Plugin\PluginFormFactoryTest" classname="Drupal.Tests.Core.Plugin.PluginFormFactoryTest" file="/Users/jaspzx/Sites/d95site2/web/core/tests/Drupal/Tests/Core/Plugin/PluginFormFactoryTest.php" line="127" assertions="2" time="0.000365"/>
      <testcase name="testCreateInstanceInvalidException" class="Drupal\Tests\Core\Plugin\PluginFormFactoryTest" classname="Drupal.Tests.Core.Plugin.PluginFormFactoryTest" file="/Users/jaspzx/Sites/d95site2/web/core/tests/Drupal/Tests/Core/Plugin/PluginFormFactoryTest.php" line="142" assertions="2" time="0.000191"/>
    </testsuite>
    <testsuite name="Drupal\Tests\Core\Plugin\PluginWithFormsTraitTest" file="/Users/jaspzx/Sites/d95site2/web/core/tests/Drupal/Tests/Core/Plugin/PluginWithFormsTraitTest.php" tests="6" assertions="12" errors="0" warnings="0" failures="0" skipped="0" time="0.000416">
      <testsuite name="Drupal\Tests\Core\Plugin\PluginWithFormsTraitTest::testGetFormClass" tests="6" assertions="12" errors="0" warnings="0" failures="0" skipped="0" time="0.000416">
        <testcase name="testGetFormClass with data set &quot;block plugin without forms, &quot;configure&quot; operation&quot;" class="Drupal\Tests\Core\Plugin\PluginWithFormsTraitTest" classname="Drupal.Tests.Core.Plugin.PluginWithFormsTraitTest" file="/Users/jaspzx/Sites/d95site2/web/core/tests/Drupal/Tests/Core/Plugin/PluginWithFormsTraitTest.php" line="23" assertions="2" time="0.000110"/>
        <testcase name="testGetFormClass with data set &quot;block plugin without forms, &quot;tickle&quot; operation&quot;" class="Drupal\Tests\Core\Plugin\PluginWithFormsTraitTest" classname="Drupal.Tests.Core.Plugin.PluginWithFormsTraitTest" file="/Users/jaspzx/Sites/d95site2/web/core/tests/Drupal/Tests/Core/Plugin/PluginWithFormsTraitTest.php" line="23" assertions="2" time="0.000075"/>
        <testcase name="testGetFormClass with data set &quot;block plugin without forms, &quot;poke&quot; operation&quot;" class="Drupal\Tests\Core\Plugin\PluginWithFormsTraitTest" classname="Drupal.Tests.Core.Plugin.PluginWithFormsTraitTest" file="/Users/jaspzx/Sites/d95site2/web/core/tests/Drupal/Tests/Core/Plugin/PluginWithFormsTraitTest.php" line="23" assertions="2" time="0.000062"/>
        <testcase name="testGetFormClass with data set &quot;block plugin with forms, &quot;configure&quot; operation&quot;" class="Drupal\Tests\Core\Plugin\PluginWithFormsTraitTest" classname="Drupal.Tests.Core.Plugin.PluginWithFormsTraitTest" file="/Users/jaspzx/Sites/d95site2/web/core/tests/Drupal/Tests/Core/Plugin/PluginWithFormsTraitTest.php" line="23" assertions="2" time="0.000062"/>
        <testcase name="testGetFormClass with data set &quot;block plugin with forms, &quot;tickle&quot; operation&quot;" class="Drupal\Tests\Core\Plugin\PluginWithFormsTraitTest" classname="Drupal.Tests.Core.Plugin.PluginWithFormsTraitTest" file="/Users/jaspzx/Sites/d95site2/web/core/tests/Drupal/Tests/Core/Plugin/PluginWithFormsTraitTest.php" line="23" assertions="2" time="0.000053"/>
        <testcase name="testGetFormClass with data set &quot;block plugin with forms, &quot;poke&quot; operation&quot;" class="Drupal\Tests\Core\Plugin\PluginWithFormsTraitTest" classname="Drupal.Tests.Core.Plugin.PluginWithFormsTraitTest" file="/Users/jaspzx/Sites/d95site2/web/core/tests/Drupal/Tests/Core/Plugin/PluginWithFormsTraitTest.php" line="23" assertions="2" time="0.000054"/>
      </testsuite>
    </testsuite>
  </testsuite>
</testsuites>
